mode: set
github.com/temporalio/temporal-worker-controller/hack/demohelper/main.go:44.45,46.2 1 0
github.com/temporalio/temporal-worker-controller/hack/demohelper/main.go:48.69,53.2 1 0
github.com/temporalio/temporal-worker-controller/hack/demohelper/main.go:60.68,62.26 1 0
github.com/temporalio/temporal-worker-controller/hack/demohelper/main.go:62.26,66.41 3 0
github.com/temporalio/temporal-worker-controller/hack/demohelper/main.go:66.41,68.4 1 0
github.com/temporalio/temporal-worker-controller/hack/demohelper/main.go:71.2,71.27 1 0
github.com/temporalio/temporal-worker-controller/hack/demohelper/main.go:74.75,76.32 1 0
github.com/temporalio/temporal-worker-controller/hack/demohelper/main.go:76.32,77.34 1 0
github.com/temporalio/temporal-worker-controller/hack/demohelper/main.go:77.34,79.27 1 0
github.com/temporalio/temporal-worker-controller/hack/demohelper/main.go:79.27,81.5 1 0
github.com/temporalio/temporal-worker-controller/hack/demohelper/main.go:82.4,82.57 1 0
github.com/temporalio/temporal-worker-controller/hack/demohelper/main.go:85.3,85.26 1 0
github.com/temporalio/temporal-worker-controller/hack/demohelper/main.go:85.26,90.15 2 0
github.com/temporalio/temporal-worker-controller/hack/demohelper/main.go:90.15,94.5 3 0
github.com/temporalio/temporal-worker-controller/hack/demohelper/main.go:96.4,101.15 5 0
github.com/temporalio/temporal-worker-controller/hack/demohelper/main.go:101.15,103.5 1 0
github.com/temporalio/temporal-worker-controller/hack/demohelper/main.go:104.4,104.14 1 0
github.com/temporalio/temporal-worker-controller/hack/demohelper/main.go:105.19,107.4 1 0
github.com/temporalio/temporal-worker-controller/hack/demohelper/main.go:109.2,109.12 1 0
github.com/temporalio/temporal-worker-controller/hack/demohelper/main.go:112.13,219.2 2 0
github.com/temporalio/temporal-worker-controller/hack/demohelper/main.go:221.32,222.39 1 0
github.com/temporalio/temporal-worker-controller/hack/demohelper/main.go:222.39,224.3 1 0
github.com/temporalio/temporal-worker-controller/hack/demohelper/main.go:226.2,226.26 1 0
github.com/temporalio/temporal-worker-controller/hack/demohelper/main.go:226.26,236.70 2 0
github.com/temporalio/temporal-worker-controller/hack/demohelper/main.go:236.70,238.4 1 0
github.com/temporalio/temporal-worker-controller/hack/demohelper/main.go:240.2,240.41 1 0
github.com/temporalio/temporal-worker-controller/hack/demohelper/main.go:243.27,247.2 3 0
github.com/temporalio/temporal-worker-controller/hack/demohelper/main.go:249.42,251.2 1 0
github.com/temporalio/temporal-worker-controller/hack/demohelper/main.go:253.31,255.2 1 0
github.com/temporalio/temporal-worker-controller/hack/demohelper/main.go:257.43,260.30 2 0
github.com/temporalio/temporal-worker-controller/hack/demohelper/main.go:260.30,261.31 1 0
github.com/temporalio/temporal-worker-controller/hack/demohelper/main.go:261.31,263.4 1 0
github.com/temporalio/temporal-worker-controller/hack/demohelper/main.go:266.2,266.12 1 0
github.com/temporalio/temporal-worker-controller/cmd/main.go:33.13,38.2 2 0
github.com/temporalio/temporal-worker-controller/cmd/main.go:40.13,78.16 12 0
github.com/temporalio/temporal-worker-controller/cmd/main.go:78.16,81.3 2 0
github.com/temporalio/temporal-worker-controller/cmd/main.go:83.2,94.39 1 0
github.com/temporalio/temporal-worker-controller/cmd/main.go:94.39,97.3 2 0
github.com/temporalio/temporal-worker-controller/cmd/main.go:105.2,105.69 1 0
github.com/temporalio/temporal-worker-controller/cmd/main.go:105.69,108.3 2 0
github.com/temporalio/temporal-worker-controller/cmd/main.go:109.2,109.67 1 0
github.com/temporalio/temporal-worker-controller/cmd/main.go:109.67,112.3 2 0
github.com/temporalio/temporal-worker-controller/cmd/main.go:114.2,115.61 2 0
github.com/temporalio/temporal-worker-controller/cmd/main.go:115.61,118.3 2 0
github.com/temporalio/temporal-worker-controller/internal/controller/clientpool/clientpool.go:43.60,49.2 1 0
github.com/temporalio/temporal-worker-controller/internal/controller/clientpool/clientpool.go:51.95,56.9 4 0
github.com/temporalio/temporal-worker-controller/internal/controller/clientpool/clientpool.go:56.9,58.3 1 0
github.com/temporalio/temporal-worker-controller/internal/controller/clientpool/clientpool.go:60.2,60.14 1 0
github.com/temporalio/temporal-worker-controller/internal/controller/clientpool/clientpool.go:60.14,63.17 2 0
github.com/temporalio/temporal-worker-controller/internal/controller/clientpool/clientpool.go:63.17,66.4 2 0
github.com/temporalio/temporal-worker-controller/internal/controller/clientpool/clientpool.go:67.3,67.14 1 0
github.com/temporalio/temporal-worker-controller/internal/controller/clientpool/clientpool.go:67.14,70.4 2 0
github.com/temporalio/temporal-worker-controller/internal/controller/clientpool/clientpool.go:73.2,73.26 1 0
github.com/temporalio/temporal-worker-controller/internal/controller/clientpool/clientpool.go:82.106,94.37 4 0
github.com/temporalio/temporal-worker-controller/internal/controller/clientpool/clientpool.go:94.37,99.27 2 0
github.com/temporalio/temporal-worker-controller/internal/controller/clientpool/clientpool.go:99.27,101.4 1 0
github.com/temporalio/temporal-worker-controller/internal/controller/clientpool/clientpool.go:102.3,102.42 1 0
github.com/temporalio/temporal-worker-controller/internal/controller/clientpool/clientpool.go:102.42,105.4 2 0
github.com/temporalio/temporal-worker-controller/internal/controller/clientpool/clientpool.go:108.3,112.17 3 0
github.com/temporalio/temporal-worker-controller/internal/controller/clientpool/clientpool.go:112.17,114.4 1 0
github.com/temporalio/temporal-worker-controller/internal/controller/clientpool/clientpool.go:115.3,116.17 2 0
github.com/temporalio/temporal-worker-controller/internal/controller/clientpool/clientpool.go:116.17,118.4 1 0
github.com/temporalio/temporal-worker-controller/internal/controller/clientpool/clientpool.go:119.3,119.14 1 0
github.com/temporalio/temporal-worker-controller/internal/controller/clientpool/clientpool.go:119.14,121.4 1 0
github.com/temporalio/temporal-worker-controller/internal/controller/clientpool/clientpool.go:123.3,124.17 2 0
github.com/temporalio/temporal-worker-controller/internal/controller/clientpool/clientpool.go:124.17,126.4 1 0
github.com/temporalio/temporal-worker-controller/internal/controller/clientpool/clientpool.go:127.3,130.19 2 0
github.com/temporalio/temporal-worker-controller/internal/controller/clientpool/clientpool.go:133.2,134.16 2 0
github.com/temporalio/temporal-worker-controller/internal/controller/clientpool/clientpool.go:134.16,136.3 1 0
github.com/temporalio/temporal-worker-controller/internal/controller/clientpool/clientpool.go:138.2,138.96 1 0
github.com/temporalio/temporal-worker-controller/internal/controller/clientpool/clientpool.go:138.96,139.13 1 0
github.com/temporalio/temporal-worker-controller/internal/controller/clientpool/clientpool.go:142.2,156.15 5 0
github.com/temporalio/temporal-worker-controller/internal/controller/clientpool/clientpool.go:159.31,163.31 3 0
github.com/temporalio/temporal-worker-controller/internal/controller/clientpool/clientpool.go:163.31,165.3 1 0
github.com/temporalio/temporal-worker-controller/internal/controller/clientpool/clientpool.go:167.2,167.49 1 0
github.com/temporalio/temporal-worker-controller/internal/controller/clientpool/clientpool.go:170.104,171.25 1 0
github.com/temporalio/temporal-worker-controller/internal/controller/clientpool/clientpool.go:171.25,173.3 1 0
github.com/temporalio/temporal-worker-controller/internal/controller/clientpool/clientpool.go:175.2,176.18 2 0
github.com/temporalio/temporal-worker-controller/internal/controller/clientpool/clientpool.go:176.18,178.3 1 0
github.com/temporalio/temporal-worker-controller/internal/controller/clientpool/clientpool.go:180.2,181.16 2 0
github.com/temporalio/temporal-worker-controller/internal/controller/clientpool/clientpool.go:181.16,183.3 1 0
github.com/temporalio/temporal-worker-controller/internal/controller/clientpool/clientpool.go:185.2,186.24 2 0
github.com/temporalio/temporal-worker-controller/internal/controller/clientpool/clientpool.go:189.63,190.34 1 0
github.com/temporalio/temporal-worker-controller/internal/controller/clientpool/clientpool.go:190.34,192.3 1 0
github.com/temporalio/temporal-worker-controller/internal/controller/clientpool/clientpool.go:193.2,193.19 1 0
github.com/temporalio/temporal-worker-controller/internal/testhelpers/testlogr/testlogr.go:10.36,13.2 2 0
github.com/temporalio/temporal-worker-controller/internal/testhelpers/testlogr/testlogr.go:21.45,23.2 0 0
github.com/temporalio/temporal-worker-controller/internal/testhelpers/testlogr/testlogr.go:25.40,28.2 1 0
github.com/temporalio/temporal-worker-controller/internal/testhelpers/testlogr/testlogr.go:30.66,33.2 2 0
github.com/temporalio/temporal-worker-controller/internal/testhelpers/testlogr/testlogr.go:35.67,38.2 2 0
github.com/temporalio/temporal-worker-controller/internal/testhelpers/testlogr/testlogr.go:40.62,46.2 2 0
github.com/temporalio/temporal-worker-controller/internal/testhelpers/testlogr/testlogr.go:48.51,51.2 2 0
github.com/temporalio/temporal-worker-controller/internal/testhelpers/testlogr/testlogr.go:53.68,58.2 4 0
github.com/temporalio/temporal-worker-controller/internal/temporal/worker_deployment.go:71.33,81.16 4 0
github.com/temporalio/temporal-worker-controller/internal/temporal/worker_deployment.go:81.16,83.32 2 0
github.com/temporalio/temporal-worker-controller/internal/temporal/worker_deployment.go:83.32,86.4 1 0
github.com/temporalio/temporal-worker-controller/internal/temporal/worker_deployment.go:87.3,87.99 1 0
github.com/temporalio/temporal-worker-controller/internal/temporal/worker_deployment.go:90.2,94.41 3 0
github.com/temporalio/temporal-worker-controller/internal/temporal/worker_deployment.go:94.41,96.3 1 0
github.com/temporalio/temporal-worker-controller/internal/temporal/worker_deployment.go:97.2,97.41 1 0
github.com/temporalio/temporal-worker-controller/internal/temporal/worker_deployment.go:97.41,99.3 1 0
github.com/temporalio/temporal-worker-controller/internal/temporal/worker_deployment.go:100.2,107.41 4 0
github.com/temporalio/temporal-worker-controller/internal/temporal/worker_deployment.go:107.41,114.3 3 0
github.com/temporalio/temporal-worker-controller/internal/temporal/worker_deployment.go:117.2,117.64 1 0
github.com/temporalio/temporal-worker-controller/internal/temporal/worker_deployment.go:117.64,127.68 3 0
github.com/temporalio/temporal-worker-controller/internal/temporal/worker_deployment.go:127.68,129.4 1 0
github.com/temporalio/temporal-worker-controller/internal/temporal/worker_deployment.go:129.9,131.68 1 0
github.com/temporalio/temporal-worker-controller/internal/temporal/worker_deployment.go:131.68,133.4 1 0
github.com/temporalio/temporal-worker-controller/internal/temporal/worker_deployment.go:133.9,133.92 1 0
github.com/temporalio/temporal-worker-controller/internal/temporal/worker_deployment.go:133.92,135.4 1 0
github.com/temporalio/temporal-worker-controller/internal/temporal/worker_deployment.go:135.9,135.91 1 0
github.com/temporalio/temporal-worker-controller/internal/temporal/worker_deployment.go:135.91,142.18 3 0
github.com/temporalio/temporal-worker-controller/internal/temporal/worker_deployment.go:142.18,147.47 4 0
github.com/temporalio/temporal-worker-controller/internal/temporal/worker_deployment.go:147.47,149.62 2 0
github.com/temporalio/temporal-worker-controller/internal/temporal/worker_deployment.go:149.62,151.32 2 0
github.com/temporalio/temporal-worker-controller/internal/temporal/worker_deployment.go:151.32,153.8 1 0
github.com/temporalio/temporal-worker-controller/internal/temporal/worker_deployment.go:155.6,155.77 1 0
github.com/temporalio/temporal-worker-controller/internal/temporal/worker_deployment.go:155.77,157.7 1 0
github.com/temporalio/temporal-worker-controller/internal/temporal/worker_deployment.go:160.9,165.54 2 0
github.com/temporalio/temporal-worker-controller/internal/temporal/worker_deployment.go:165.54,169.19 2 0
github.com/temporalio/temporal-worker-controller/internal/temporal/worker_deployment.go:169.19,171.62 2 0
github.com/temporalio/temporal-worker-controller/internal/temporal/worker_deployment.go:171.62,173.31 2 0
github.com/temporalio/temporal-worker-controller/internal/temporal/worker_deployment.go:173.31,175.8 1 0
github.com/temporalio/temporal-worker-controller/internal/temporal/worker_deployment.go:177.6,177.76 1 0
github.com/temporalio/temporal-worker-controller/internal/temporal/worker_deployment.go:177.76,179.7 1 0
github.com/temporalio/temporal-worker-controller/internal/temporal/worker_deployment.go:185.3,185.56 1 0
github.com/temporalio/temporal-worker-controller/internal/temporal/worker_deployment.go:188.2,188.19 1 0
github.com/temporalio/temporal-worker-controller/internal/temporal/worker_deployment.go:199.51,207.13 4 0
github.com/temporalio/temporal-worker-controller/internal/temporal/worker_deployment.go:207.13,209.3 1 0
github.com/temporalio/temporal-worker-controller/internal/temporal/worker_deployment.go:212.2,217.46 3 0
github.com/temporalio/temporal-worker-controller/internal/temporal/worker_deployment.go:217.46,220.3 1 0
github.com/temporalio/temporal-worker-controller/internal/temporal/worker_deployment.go:223.2,223.54 1 0
github.com/temporalio/temporal-worker-controller/internal/temporal/worker_deployment.go:223.54,225.54 1 0
github.com/temporalio/temporal-worker-controller/internal/temporal/worker_deployment.go:225.54,226.12 1 0
github.com/temporalio/temporal-worker-controller/internal/temporal/worker_deployment.go:230.3,243.73 4 0
github.com/temporalio/temporal-worker-controller/internal/temporal/worker_deployment.go:243.73,245.4 1 0
github.com/temporalio/temporal-worker-controller/internal/temporal/worker_deployment.go:248.3,248.17 1 0
github.com/temporalio/temporal-worker-controller/internal/temporal/worker_deployment.go:248.17,257.4 3 0
github.com/temporalio/temporal-worker-controller/internal/temporal/worker_deployment.go:260.2,260.21 1 0
github.com/temporalio/temporal-worker-controller/internal/temporal/worker_deployment.go:266.107,267.16 1 1
github.com/temporalio/temporal-worker-controller/internal/temporal/worker_deployment.go:268.101,269.59 1 1
github.com/temporalio/temporal-worker-controller/internal/temporal/worker_deployment.go:270.51,271.61 1 1
github.com/temporalio/temporal-worker-controller/internal/temporal/worker_deployment.go:272.48,273.58 1 1
github.com/temporalio/temporal-worker-controller/internal/temporal/worker_deployment.go:274.50,275.60 1 1
github.com/temporalio/temporal-worker-controller/internal/temporal/worker_deployment.go:276.52,277.62 1 1
github.com/temporalio/temporal-worker-controller/internal/temporal/worker_deployment.go:278.51,279.60 1 1
github.com/temporalio/temporal-worker-controller/internal/temporal/worker_deployment.go:280.10,282.59 1 1
github.com/temporalio/temporal-worker-controller/internal/temporal/worker_deployment.go:287.74,289.2 1 1
github.com/temporalio/temporal-worker-controller/internal/temporal/worker_deployment.go:294.17,296.16 2 0
github.com/temporalio/temporal-worker-controller/internal/temporal/worker_deployment.go:296.16,298.3 1 0
github.com/temporalio/temporal-worker-controller/internal/temporal/worker_deployment.go:299.2,299.28 1 0
github.com/temporalio/temporal-worker-controller/internal/temporal/worker_deployment.go:299.28,300.61 1 0
github.com/temporalio/temporal-worker-controller/internal/temporal/worker_deployment.go:301.103,302.20 1 0
github.com/temporalio/temporal-worker-controller/internal/temporal/worker_deployment.go:303.53,303.53 0 0
github.com/temporalio/temporal-worker-controller/internal/temporal/worker_deployment.go:306.2,306.19 1 0
github.com/temporalio/temporal-worker-controller/internal/temporal/worker_deployment.go:312.17,314.16 2 0
github.com/temporalio/temporal-worker-controller/internal/temporal/worker_deployment.go:314.16,316.3 1 0
github.com/temporalio/temporal-worker-controller/internal/temporal/worker_deployment.go:317.2,317.28 1 0
github.com/temporalio/temporal-worker-controller/internal/temporal/worker_deployment.go:317.28,318.61 1 0
github.com/temporalio/temporal-worker-controller/internal/temporal/worker_deployment.go:319.103,319.103 0 0
github.com/temporalio/temporal-worker-controller/internal/temporal/worker_deployment.go:320.53,321.21 1 0
github.com/temporalio/temporal-worker-controller/internal/temporal/worker_deployment.go:324.2,324.18 1 0
github.com/temporalio/temporal-worker-controller/internal/temporal/worker_deployment.go:330.36,333.28 3 0
github.com/temporalio/temporal-worker-controller/internal/temporal/worker_deployment.go:334.44,335.102 1 0
github.com/temporalio/temporal-worker-controller/internal/temporal/worker_deployment.go:336.44,337.102 1 0
github.com/temporalio/temporal-worker-controller/internal/temporal/worker_deployment.go:339.2,339.16 1 0
github.com/temporalio/temporal-worker-controller/internal/temporal/worker_deployment.go:339.16,341.3 1 0
github.com/temporalio/temporal-worker-controller/internal/temporal/worker_deployment.go:342.2,342.31 1 0
github.com/temporalio/temporal-worker-controller/internal/k8s/deployments.go:55.29,69.16 3 1
github.com/temporalio/temporal-worker-controller/internal/k8s/deployments.go:69.16,71.3 1 0
github.com/temporalio/temporal-worker-controller/internal/k8s/deployments.go:74.2,74.59 1 1
github.com/temporalio/temporal-worker-controller/internal/k8s/deployments.go:74.59,76.3 1 1
github.com/temporalio/temporal-worker-controller/internal/k8s/deployments.go:79.2,79.36 1 1
github.com/temporalio/temporal-worker-controller/internal/k8s/deployments.go:79.36,81.58 2 1
github.com/temporalio/temporal-worker-controller/internal/k8s/deployments.go:81.58,85.4 3 1
github.com/temporalio/temporal-worker-controller/internal/k8s/deployments.go:89.2,89.19 1 1
github.com/temporalio/temporal-worker-controller/internal/k8s/deployments.go:93.78,95.49 1 1
github.com/temporalio/temporal-worker-controller/internal/k8s/deployments.go:95.49,96.79 1 1
github.com/temporalio/temporal-worker-controller/internal/k8s/deployments.go:96.79,98.4 1 1
github.com/temporalio/temporal-worker-controller/internal/k8s/deployments.go:100.2,100.19 1 1
github.com/temporalio/temporal-worker-controller/internal/k8s/deployments.go:104.62,112.2 1 1
github.com/temporalio/temporal-worker-controller/internal/k8s/deployments.go:115.78,117.2 1 1
github.com/temporalio/temporal-worker-controller/internal/k8s/deployments.go:119.76,120.72 1 1
github.com/temporalio/temporal-worker-controller/internal/k8s/deployments.go:120.72,121.44 1 1
github.com/temporalio/temporal-worker-controller/internal/k8s/deployments.go:121.44,126.4 4 1
github.com/temporalio/temporal-worker-controller/internal/k8s/deployments.go:128.2,128.56 1 1
github.com/temporalio/temporal-worker-controller/internal/k8s/deployments.go:132.89,135.2 1 1
github.com/temporalio/temporal-worker-controller/internal/k8s/deployments.go:138.70,140.2 1 1
github.com/temporalio/temporal-worker-controller/internal/k8s/deployments.go:142.54,144.16 2 1
github.com/temporalio/temporal-worker-controller/internal/k8s/deployments.go:144.16,145.26 1 1
github.com/temporalio/temporal-worker-controller/internal/k8s/deployments.go:146.25,147.15 1 1
github.com/temporalio/temporal-worker-controller/internal/k8s/deployments.go:148.27,149.24 1 1
github.com/temporalio/temporal-worker-controller/internal/k8s/deployments.go:150.24,151.25 1 1
github.com/temporalio/temporal-worker-controller/internal/k8s/deployments.go:152.11,152.11 0 0
github.com/temporalio/temporal-worker-controller/internal/k8s/deployments.go:155.2,155.42 1 1
github.com/temporalio/temporal-worker-controller/internal/k8s/deployments.go:161.53,162.25 1 1
github.com/temporalio/temporal-worker-controller/internal/k8s/deployments.go:162.25,164.3 1 1
github.com/temporalio/temporal-worker-controller/internal/k8s/deployments.go:166.2,167.57 2 1
github.com/temporalio/temporal-worker-controller/internal/k8s/deployments.go:178.22,181.26 2 1
github.com/temporalio/temporal-worker-controller/internal/k8s/deployments.go:181.26,182.47 1 0
github.com/temporalio/temporal-worker-controller/internal/k8s/deployments.go:182.47,184.4 1 0
github.com/temporalio/temporal-worker-controller/internal/k8s/deployments.go:186.2,190.41 3 1
github.com/temporalio/temporal-worker-controller/internal/k8s/deployments.go:190.41,192.3 1 0
github.com/temporalio/temporal-worker-controller/internal/k8s/deployments.go:193.2,193.35 1 1
github.com/temporalio/temporal-worker-controller/internal/k8s/deployments.go:193.35,195.3 1 1
github.com/temporalio/temporal-worker-controller/internal/k8s/deployments.go:197.2,200.47 2 1
github.com/temporalio/temporal-worker-controller/internal/k8s/deployments.go:200.47,220.3 2 1
github.com/temporalio/temporal-worker-controller/internal/k8s/deployments.go:223.2,223.38 1 1
github.com/temporalio/temporal-worker-controller/internal/k8s/deployments.go:223.38,224.48 1 1
github.com/temporalio/temporal-worker-controller/internal/k8s/deployments.go:224.48,244.4 3 1
github.com/temporalio/temporal-worker-controller/internal/k8s/deployments.go:245.3,252.5 1 1
github.com/temporalio/temporal-worker-controller/internal/k8s/deployments.go:256.2,257.46 2 1
github.com/temporalio/temporal-worker-controller/internal/k8s/deployments.go:257.46,259.3 1 0
github.com/temporalio/temporal-worker-controller/internal/k8s/deployments.go:260.2,295.3 3 1
github.com/temporalio/temporal-worker-controller/internal/k8s/deployments.go:298.93,300.31 1 1
github.com/temporalio/temporal-worker-controller/internal/k8s/deployments.go:300.31,302.3 1 1
github.com/temporalio/temporal-worker-controller/internal/k8s/deployments.go:304.2,310.44 4 1
github.com/temporalio/temporal-worker-controller/internal/k8s/deployments.go:318.31,327.76 2 0
github.com/temporalio/temporal-worker-controller/internal/k8s/deployments.go:327.76,329.3 1 0
github.com/temporalio/temporal-worker-controller/internal/k8s/deployments.go:330.2,330.15 1 0
github.com/temporalio/temporal-worker-controller/api/v1alpha1/temporalconnection_types.go:54.13,56.2 1 1
github.com/temporalio/temporal-worker-controller/api/v1alpha1/temporalworker_webhook.go:26.84,30.2 1 0
github.com/temporalio/temporal-worker-controller/api/v1alpha1/temporalworker_webhook.go:38.91,40.9 2 1
github.com/temporalio/temporal-worker-controller/api/v1alpha1/temporalworker_webhook.go:40.9,42.3 1 0
github.com/temporalio/temporal-worker-controller/api/v1alpha1/temporalworker_webhook.go:44.2,44.46 1 1
github.com/temporalio/temporal-worker-controller/api/v1alpha1/temporalworker_webhook.go:44.46,46.3 1 0
github.com/temporalio/temporal-worker-controller/api/v1alpha1/temporalworker_webhook.go:48.2,48.12 1 1
github.com/temporalio/temporal-worker-controller/api/v1alpha1/temporalworker_webhook.go:51.75,52.44 1 1
github.com/temporalio/temporal-worker-controller/api/v1alpha1/temporalworker_webhook.go:52.44,54.3 1 1
github.com/temporalio/temporal-worker-controller/api/v1alpha1/temporalworker_webhook.go:56.2,56.41 1 1
github.com/temporalio/temporal-worker-controller/api/v1alpha1/temporalworker_webhook.go:56.41,58.3 1 1
github.com/temporalio/temporal-worker-controller/api/v1alpha1/temporalworker_webhook.go:60.2,60.47 1 1
github.com/temporalio/temporal-worker-controller/api/v1alpha1/temporalworker_webhook.go:60.47,63.3 2 1
github.com/temporalio/temporal-worker-controller/api/v1alpha1/temporalworker_webhook.go:65.2,65.12 1 1
github.com/temporalio/temporal-worker-controller/api/v1alpha1/temporalworker_webhook.go:69.120,71.2 1 1
github.com/temporalio/temporal-worker-controller/api/v1alpha1/temporalworker_webhook.go:74.146,76.2 1 1
github.com/temporalio/temporal-worker-controller/api/v1alpha1/temporalworker_webhook.go:79.120,81.2 1 1
github.com/temporalio/temporal-worker-controller/api/v1alpha1/temporalworker_webhook.go:83.131,85.9 2 1
github.com/temporalio/temporal-worker-controller/api/v1alpha1/temporalworker_webhook.go:85.9,87.3 1 1
github.com/temporalio/temporal-worker-controller/api/v1alpha1/temporalworker_webhook.go:89.2,89.44 1 1
github.com/temporalio/temporal-worker-controller/api/v1alpha1/temporalworker_webhook.go:92.96,95.61 2 1
github.com/temporalio/temporal-worker-controller/api/v1alpha1/temporalworker_webhook.go:95.61,99.3 1 1
github.com/temporalio/temporal-worker-controller/api/v1alpha1/temporalworker_webhook.go:101.2,103.22 2 1
github.com/temporalio/temporal-worker-controller/api/v1alpha1/temporalworker_webhook.go:103.22,105.3 1 1
github.com/temporalio/temporal-worker-controller/api/v1alpha1/temporalworker_webhook.go:107.2,107.17 1 1
github.com/temporalio/temporal-worker-controller/api/v1alpha1/temporalworker_webhook.go:110.64,113.37 2 1
github.com/temporalio/temporal-worker-controller/api/v1alpha1/temporalworker_webhook.go:113.37,115.29 2 1
github.com/temporalio/temporal-worker-controller/api/v1alpha1/temporalworker_webhook.go:115.29,119.4 1 1
github.com/temporalio/temporal-worker-controller/api/v1alpha1/temporalworker_webhook.go:120.3,121.34 2 1
github.com/temporalio/temporal-worker-controller/api/v1alpha1/temporalworker_webhook.go:121.34,123.49 1 1
github.com/temporalio/temporal-worker-controller/api/v1alpha1/temporalworker_webhook.go:123.49,127.5 1 1
github.com/temporalio/temporal-worker-controller/api/v1alpha1/temporalworker_webhook.go:130.4,130.36 1 1
github.com/temporalio/temporal-worker-controller/api/v1alpha1/temporalworker_webhook.go:130.36,134.5 1 1
github.com/temporalio/temporal-worker-controller/api/v1alpha1/temporalworker_webhook.go:135.4,135.31 1 1
github.com/temporalio/temporal-worker-controller/api/v1alpha1/temporalworker_webhook.go:139.2,139.16 1 1
github.com/temporalio/temporal-worker-controller/api/v1alpha1/temporalworker_webhook.go:142.96,144.2 1 1
github.com/temporalio/temporal-worker-controller/api/v1alpha1/worker_types.go:372.13,374.2 1 1
github.com/temporalio/temporal-worker-controller/api/v1alpha1/zz_generated.deepcopy.go:14.81,16.2 1 0
github.com/temporalio/temporal-worker-controller/api/v1alpha1/zz_generated.deepcopy.go:19.74,20.15 1 0
github.com/temporalio/temporal-worker-controller/api/v1alpha1/zz_generated.deepcopy.go:20.15,22.3 1 0
github.com/temporalio/temporal-worker-controller/api/v1alpha1/zz_generated.deepcopy.go:23.2,25.12 3 0
github.com/temporalio/temporal-worker-controller/api/v1alpha1/zz_generated.deepcopy.go:29.87,31.28 2 0
github.com/temporalio/temporal-worker-controller/api/v1alpha1/zz_generated.deepcopy.go:31.28,34.3 2 0
github.com/temporalio/temporal-worker-controller/api/v1alpha1/zz_generated.deepcopy.go:35.2,35.26 1 0
github.com/temporalio/temporal-worker-controller/api/v1alpha1/zz_generated.deepcopy.go:35.26,39.3 3 0
github.com/temporalio/temporal-worker-controller/api/v1alpha1/zz_generated.deepcopy.go:40.2,40.26 1 0
github.com/temporalio/temporal-worker-controller/api/v1alpha1/zz_generated.deepcopy.go:40.26,44.3 3 0
github.com/temporalio/temporal-worker-controller/api/v1alpha1/zz_generated.deepcopy.go:48.80,49.15 1 0
github.com/temporalio/temporal-worker-controller/api/v1alpha1/zz_generated.deepcopy.go:49.15,51.3 1 0
github.com/temporalio/temporal-worker-controller/api/v1alpha1/zz_generated.deepcopy.go:52.2,54.12 3 0
github.com/temporalio/temporal-worker-controller/api/v1alpha1/zz_generated.deepcopy.go:58.93,61.2 2 0
github.com/temporalio/temporal-worker-controller/api/v1alpha1/zz_generated.deepcopy.go:64.86,65.15 1 0
github.com/temporalio/temporal-worker-controller/api/v1alpha1/zz_generated.deepcopy.go:65.15,67.3 1 0
github.com/temporalio/temporal-worker-controller/api/v1alpha1/zz_generated.deepcopy.go:68.2,70.12 3 0
github.com/temporalio/temporal-worker-controller/api/v1alpha1/zz_generated.deepcopy.go:74.99,77.28 3 0
github.com/temporalio/temporal-worker-controller/api/v1alpha1/zz_generated.deepcopy.go:77.28,80.3 2 0
github.com/temporalio/temporal-worker-controller/api/v1alpha1/zz_generated.deepcopy.go:84.92,85.15 1 0
github.com/temporalio/temporal-worker-controller/api/v1alpha1/zz_generated.deepcopy.go:85.15,87.3 1 0
github.com/temporalio/temporal-worker-controller/api/v1alpha1/zz_generated.deepcopy.go:88.2,90.12 3 0
github.com/temporalio/temporal-worker-controller/api/v1alpha1/zz_generated.deepcopy.go:94.69,96.2 1 0
github.com/temporalio/temporal-worker-controller/api/v1alpha1/zz_generated.deepcopy.go:99.62,100.15 1 0
github.com/temporalio/temporal-worker-controller/api/v1alpha1/zz_generated.deepcopy.go:100.15,102.3 1 0
github.com/temporalio/temporal-worker-controller/api/v1alpha1/zz_generated.deepcopy.go:103.2,105.12 3 0
github.com/temporalio/temporal-worker-controller/api/v1alpha1/zz_generated.deepcopy.go:109.75,111.2 1 0
github.com/temporalio/temporal-worker-controller/api/v1alpha1/zz_generated.deepcopy.go:114.68,115.15 1 0
github.com/temporalio/temporal-worker-controller/api/v1alpha1/zz_generated.deepcopy.go:115.15,117.3 1 0
github.com/temporalio/temporal-worker-controller/api/v1alpha1/zz_generated.deepcopy.go:118.2,120.12 3 0
github.com/temporalio/temporal-worker-controller/api/v1alpha1/zz_generated.deepcopy.go:124.63,127.2 2 0
github.com/temporalio/temporal-worker-controller/api/v1alpha1/zz_generated.deepcopy.go:130.56,131.15 1 0
github.com/temporalio/temporal-worker-controller/api/v1alpha1/zz_generated.deepcopy.go:131.15,133.3 1 0
github.com/temporalio/temporal-worker-controller/api/v1alpha1/zz_generated.deepcopy.go:134.2,136.12 3 0
github.com/temporalio/temporal-worker-controller/api/v1alpha1/zz_generated.deepcopy.go:140.55,143.2 2 0
github.com/temporalio/temporal-worker-controller/api/v1alpha1/zz_generated.deepcopy.go:146.48,147.15 1 0
github.com/temporalio/temporal-worker-controller/api/v1alpha1/zz_generated.deepcopy.go:147.15,149.3 1 0
github.com/temporalio/temporal-worker-controller/api/v1alpha1/zz_generated.deepcopy.go:150.2,152.12 3 0
github.com/temporalio/temporal-worker-controller/api/v1alpha1/zz_generated.deepcopy.go:156.63,158.20 2 0
github.com/temporalio/temporal-worker-controller/api/v1alpha1/zz_generated.deepcopy.go:158.20,162.3 3 0
github.com/temporalio/temporal-worker-controller/api/v1alpha1/zz_generated.deepcopy.go:163.2,163.21 1 0
github.com/temporalio/temporal-worker-controller/api/v1alpha1/zz_generated.deepcopy.go:163.21,167.3 3 0
github.com/temporalio/temporal-worker-controller/api/v1alpha1/zz_generated.deepcopy.go:171.56,172.15 1 0
github.com/temporalio/temporal-worker-controller/api/v1alpha1/zz_generated.deepcopy.go:172.15,174.3 1 0
github.com/temporalio/temporal-worker-controller/api/v1alpha1/zz_generated.deepcopy.go:175.2,177.12 3 0
github.com/temporalio/temporal-worker-controller/api/v1alpha1/zz_generated.deepcopy.go:181.61,183.30 2 0
github.com/temporalio/temporal-worker-controller/api/v1alpha1/zz_generated.deepcopy.go:183.30,187.3 3 0
github.com/temporalio/temporal-worker-controller/api/v1alpha1/zz_generated.deepcopy.go:188.2,188.27 1 0
github.com/temporalio/temporal-worker-controller/api/v1alpha1/zz_generated.deepcopy.go:188.27,192.3 3 0
github.com/temporalio/temporal-worker-controller/api/v1alpha1/zz_generated.deepcopy.go:196.54,197.15 1 0
github.com/temporalio/temporal-worker-controller/api/v1alpha1/zz_generated.deepcopy.go:197.15,199.3 1 0
github.com/temporalio/temporal-worker-controller/api/v1alpha1/zz_generated.deepcopy.go:200.2,202.12 3 0
github.com/temporalio/temporal-worker-controller/api/v1alpha1/zz_generated.deepcopy.go:206.91,209.29 3 0
github.com/temporalio/temporal-worker-controller/api/v1alpha1/zz_generated.deepcopy.go:209.29,213.3 3 0
github.com/temporalio/temporal-worker-controller/api/v1alpha1/zz_generated.deepcopy.go:214.2,214.30 1 0
github.com/temporalio/temporal-worker-controller/api/v1alpha1/zz_generated.deepcopy.go:214.30,218.3 3 0
github.com/temporalio/temporal-worker-controller/api/v1alpha1/zz_generated.deepcopy.go:219.2,219.28 1 0
github.com/temporalio/temporal-worker-controller/api/v1alpha1/zz_generated.deepcopy.go:219.28,222.3 2 0
github.com/temporalio/temporal-worker-controller/api/v1alpha1/zz_generated.deepcopy.go:223.2,223.34 1 0
github.com/temporalio/temporal-worker-controller/api/v1alpha1/zz_generated.deepcopy.go:223.34,226.3 2 0
github.com/temporalio/temporal-worker-controller/api/v1alpha1/zz_generated.deepcopy.go:230.84,231.15 1 0
github.com/temporalio/temporal-worker-controller/api/v1alpha1/zz_generated.deepcopy.go:231.15,233.3 1 0
github.com/temporalio/temporal-worker-controller/api/v1alpha1/zz_generated.deepcopy.go:234.2,236.12 3 0
github.com/temporalio/temporal-worker-controller/api/v1alpha1/zz_generated.deepcopy.go:240.51,242.2 1 0
github.com/temporalio/temporal-worker-controller/api/v1alpha1/zz_generated.deepcopy.go:245.44,246.15 1 0
github.com/temporalio/temporal-worker-controller/api/v1alpha1/zz_generated.deepcopy.go:246.15,248.3 1 0
github.com/temporalio/temporal-worker-controller/api/v1alpha1/zz_generated.deepcopy.go:249.2,251.12 3 0
github.com/temporalio/temporal-worker-controller/api/v1alpha1/zz_generated.deepcopy.go:255.69,261.2 5 0
github.com/temporalio/temporal-worker-controller/api/v1alpha1/zz_generated.deepcopy.go:264.62,265.15 1 0
github.com/temporalio/temporal-worker-controller/api/v1alpha1/zz_generated.deepcopy.go:265.15,267.3 1 0
github.com/temporalio/temporal-worker-controller/api/v1alpha1/zz_generated.deepcopy.go:268.2,270.12 3 0
github.com/temporalio/temporal-worker-controller/api/v1alpha1/zz_generated.deepcopy.go:274.63,275.34 1 0
github.com/temporalio/temporal-worker-controller/api/v1alpha1/zz_generated.deepcopy.go:275.34,277.3 1 0
github.com/temporalio/temporal-worker-controller/api/v1alpha1/zz_generated.deepcopy.go:278.2,278.12 1 0
github.com/temporalio/temporal-worker-controller/api/v1alpha1/zz_generated.deepcopy.go:282.77,286.21 4 0
github.com/temporalio/temporal-worker-controller/api/v1alpha1/zz_generated.deepcopy.go:286.21,289.22 3 0
github.com/temporalio/temporal-worker-controller/api/v1alpha1/zz_generated.deepcopy.go:289.22,291.4 1 0
github.com/temporalio/temporal-worker-controller/api/v1alpha1/zz_generated.deepcopy.go:296.70,297.15 1 0
github.com/temporalio/temporal-worker-controller/api/v1alpha1/zz_generated.deepcopy.go:297.15,299.3 1 0
github.com/temporalio/temporal-worker-controller/api/v1alpha1/zz_generated.deepcopy.go:300.2,302.12 3 0
github.com/temporalio/temporal-worker-controller/api/v1alpha1/zz_generated.deepcopy.go:306.67,307.34 1 0
github.com/temporalio/temporal-worker-controller/api/v1alpha1/zz_generated.deepcopy.go:307.34,309.3 1 0
github.com/temporalio/temporal-worker-controller/api/v1alpha1/zz_generated.deepcopy.go:310.2,310.12 1 0
github.com/temporalio/temporal-worker-controller/api/v1alpha1/zz_generated.deepcopy.go:314.77,316.2 1 0
github.com/temporalio/temporal-worker-controller/api/v1alpha1/zz_generated.deepcopy.go:319.70,320.15 1 0
github.com/temporalio/temporal-worker-controller/api/v1alpha1/zz_generated.deepcopy.go:320.15,322.3 1 0
github.com/temporalio/temporal-worker-controller/api/v1alpha1/zz_generated.deepcopy.go:323.2,325.12 3 0
github.com/temporalio/temporal-worker-controller/api/v1alpha1/zz_generated.deepcopy.go:329.81,331.2 1 0
github.com/temporalio/temporal-worker-controller/api/v1alpha1/zz_generated.deepcopy.go:334.74,335.15 1 0
github.com/temporalio/temporal-worker-controller/api/v1alpha1/zz_generated.deepcopy.go:335.15,337.3 1 0
github.com/temporalio/temporal-worker-controller/api/v1alpha1/zz_generated.deepcopy.go:338.2,340.12 3 0
github.com/temporalio/temporal-worker-controller/api/v1alpha1/zz_generated.deepcopy.go:344.81,350.2 5 0
github.com/temporalio/temporal-worker-controller/api/v1alpha1/zz_generated.deepcopy.go:353.74,354.15 1 0
github.com/temporalio/temporal-worker-controller/api/v1alpha1/zz_generated.deepcopy.go:354.15,356.3 1 0
github.com/temporalio/temporal-worker-controller/api/v1alpha1/zz_generated.deepcopy.go:357.2,359.12 3 0
github.com/temporalio/temporal-worker-controller/api/v1alpha1/zz_generated.deepcopy.go:363.69,364.34 1 0
github.com/temporalio/temporal-worker-controller/api/v1alpha1/zz_generated.deepcopy.go:364.34,366.3 1 0
github.com/temporalio/temporal-worker-controller/api/v1alpha1/zz_generated.deepcopy.go:367.2,367.12 1 0
github.com/temporalio/temporal-worker-controller/api/v1alpha1/zz_generated.deepcopy.go:371.89,375.21 4 0
github.com/temporalio/temporal-worker-controller/api/v1alpha1/zz_generated.deepcopy.go:375.21,378.22 3 0
github.com/temporalio/temporal-worker-controller/api/v1alpha1/zz_generated.deepcopy.go:378.22,380.4 1 0
github.com/temporalio/temporal-worker-controller/api/v1alpha1/zz_generated.deepcopy.go:385.82,386.15 1 0
github.com/temporalio/temporal-worker-controller/api/v1alpha1/zz_generated.deepcopy.go:386.15,388.3 1 0
github.com/temporalio/temporal-worker-controller/api/v1alpha1/zz_generated.deepcopy.go:389.2,391.12 3 0
github.com/temporalio/temporal-worker-controller/api/v1alpha1/zz_generated.deepcopy.go:395.73,396.34 1 0
github.com/temporalio/temporal-worker-controller/api/v1alpha1/zz_generated.deepcopy.go:396.34,398.3 1 0
github.com/temporalio/temporal-worker-controller/api/v1alpha1/zz_generated.deepcopy.go:399.2,399.12 1 0
github.com/temporalio/temporal-worker-controller/api/v1alpha1/zz_generated.deepcopy.go:403.89,405.24 2 0
github.com/temporalio/temporal-worker-controller/api/v1alpha1/zz_generated.deepcopy.go:405.24,409.3 3 0
github.com/temporalio/temporal-worker-controller/api/v1alpha1/zz_generated.deepcopy.go:410.2,410.24 1 0
github.com/temporalio/temporal-worker-controller/api/v1alpha1/zz_generated.deepcopy.go:410.24,414.3 3 0
github.com/temporalio/temporal-worker-controller/api/v1alpha1/zz_generated.deepcopy.go:415.2,416.39 2 0
github.com/temporalio/temporal-worker-controller/api/v1alpha1/zz_generated.deepcopy.go:416.39,420.3 3 0
github.com/temporalio/temporal-worker-controller/api/v1alpha1/zz_generated.deepcopy.go:421.2,424.48 4 0
github.com/temporalio/temporal-worker-controller/api/v1alpha1/zz_generated.deepcopy.go:424.48,428.3 3 0
github.com/temporalio/temporal-worker-controller/api/v1alpha1/zz_generated.deepcopy.go:432.82,433.15 1 0
github.com/temporalio/temporal-worker-controller/api/v1alpha1/zz_generated.deepcopy.go:433.15,435.3 1 0
github.com/temporalio/temporal-worker-controller/api/v1alpha1/zz_generated.deepcopy.go:436.2,438.12 3 0
github.com/temporalio/temporal-worker-controller/api/v1alpha1/zz_generated.deepcopy.go:442.93,445.30 3 0
github.com/temporalio/temporal-worker-controller/api/v1alpha1/zz_generated.deepcopy.go:445.30,449.3 3 0
github.com/temporalio/temporal-worker-controller/api/v1alpha1/zz_generated.deepcopy.go:450.2,450.34 1 0
github.com/temporalio/temporal-worker-controller/api/v1alpha1/zz_generated.deepcopy.go:450.34,453.22 3 0
github.com/temporalio/temporal-worker-controller/api/v1alpha1/zz_generated.deepcopy.go:453.22,454.23 1 0
github.com/temporalio/temporal-worker-controller/api/v1alpha1/zz_generated.deepcopy.go:454.23,458.5 3 0
github.com/temporalio/temporal-worker-controller/api/v1alpha1/zz_generated.deepcopy.go:461.2,461.36 1 0
github.com/temporalio/temporal-worker-controller/api/v1alpha1/zz_generated.deepcopy.go:461.36,465.3 3 0
github.com/temporalio/temporal-worker-controller/api/v1alpha1/zz_generated.deepcopy.go:469.86,470.15 1 0
github.com/temporalio/temporal-worker-controller/api/v1alpha1/zz_generated.deepcopy.go:470.15,472.3 1 0
github.com/temporalio/temporal-worker-controller/api/v1alpha1/zz_generated.deepcopy.go:473.2,475.12 3 0
github.com/temporalio/temporal-worker-controller/api/v1alpha1/zz_generated.deepcopy.go:479.59,481.2 1 0
github.com/temporalio/temporal-worker-controller/api/v1alpha1/zz_generated.deepcopy.go:484.52,485.15 1 0
github.com/temporalio/temporal-worker-controller/api/v1alpha1/zz_generated.deepcopy.go:485.15,487.3 1 0
github.com/temporalio/temporal-worker-controller/api/v1alpha1/zz_generated.deepcopy.go:488.2,490.12 3 0
github.com/temporalio/temporal-worker-controller/api/v1alpha1/zz_generated.deepcopy.go:494.67,496.2 1 0
github.com/temporalio/temporal-worker-controller/api/v1alpha1/zz_generated.deepcopy.go:499.60,500.15 1 0
github.com/temporalio/temporal-worker-controller/api/v1alpha1/zz_generated.deepcopy.go:500.15,502.3 1 0
github.com/temporalio/temporal-worker-controller/api/v1alpha1/zz_generated.deepcopy.go:503.2,505.12 3 0
github.com/temporalio/temporal-worker-controller/internal/controller/execplan.go:22.142,24.31 1 0
github.com/temporalio/temporal-worker-controller/internal/controller/execplan.go:24.31,26.59 2 0
github.com/temporalio/temporal-worker-controller/internal/controller/execplan.go:26.59,29.4 2 0
github.com/temporalio/temporal-worker-controller/internal/controller/execplan.go:33.2,33.40 1 0
github.com/temporalio/temporal-worker-controller/internal/controller/execplan.go:33.40,35.42 2 0
github.com/temporalio/temporal-worker-controller/internal/controller/execplan.go:35.42,38.4 2 0
github.com/temporalio/temporal-worker-controller/internal/controller/execplan.go:41.2,41.46 1 0
github.com/temporalio/temporal-worker-controller/internal/controller/execplan.go:41.46,51.107 4 0
github.com/temporalio/temporal-worker-controller/internal/controller/execplan.go:51.107,54.4 2 0
github.com/temporalio/temporal-worker-controller/internal/controller/execplan.go:58.2,58.40 1 0
github.com/temporalio/temporal-worker-controller/internal/controller/execplan.go:58.40,60.42 2 0
github.com/temporalio/temporal-worker-controller/internal/controller/execplan.go:60.42,63.4 2 0
github.com/temporalio/temporal-worker-controller/internal/controller/execplan.go:67.2,69.42 2 0
github.com/temporalio/temporal-worker-controller/internal/controller/execplan.go:69.42,82.35 1 0
github.com/temporalio/temporal-worker-controller/internal/controller/execplan.go:82.35,84.4 1 0
github.com/temporalio/temporal-worker-controller/internal/controller/execplan.go:88.2,88.48 1 0
github.com/temporalio/temporal-worker-controller/internal/controller/execplan.go:88.48,89.22 1 0
github.com/temporalio/temporal-worker-controller/internal/controller/execplan.go:89.22,95.19 2 0
github.com/temporalio/temporal-worker-controller/internal/controller/execplan.go:95.19,97.5 1 0
github.com/temporalio/temporal-worker-controller/internal/controller/execplan.go:98.9,99.31 1 0
github.com/temporalio/temporal-worker-controller/internal/controller/execplan.go:99.31,101.5 1 0
github.com/temporalio/temporal-worker-controller/internal/controller/execplan.go:101.10,103.5 1 0
github.com/temporalio/temporal-worker-controller/internal/controller/execplan.go:105.4,110.19 1 0
github.com/temporalio/temporal-worker-controller/internal/controller/execplan.go:110.19,112.5 1 0
github.com/temporalio/temporal-worker-controller/internal/controller/execplan.go:114.3,125.18 1 0
github.com/temporalio/temporal-worker-controller/internal/controller/execplan.go:125.18,127.4 1 0
github.com/temporalio/temporal-worker-controller/internal/controller/execplan.go:130.2,130.12 1 0
github.com/temporalio/temporal-worker-controller/internal/controller/genplan.go:53.18,65.16 4 0
github.com/temporalio/temporal-worker-controller/internal/controller/genplan.go:65.16,67.3 1 0
github.com/temporalio/temporal-worker-controller/internal/controller/genplan.go:70.2,78.96 3 0
github.com/temporalio/temporal-worker-controller/internal/controller/genplan.go:78.96,81.3 2 0
github.com/temporalio/temporal-worker-controller/internal/controller/genplan.go:84.2,98.16 3 0
github.com/temporalio/temporal-worker-controller/internal/controller/genplan.go:98.16,100.3 1 0
github.com/temporalio/temporal-worker-controller/internal/controller/genplan.go:103.2,111.46 5 0
github.com/temporalio/temporal-worker-controller/internal/controller/genplan.go:111.46,118.3 1 0
github.com/temporalio/temporal-worker-controller/internal/controller/genplan.go:121.2,121.39 1 0
github.com/temporalio/temporal-worker-controller/internal/controller/genplan.go:121.39,123.17 2 0
github.com/temporalio/temporal-worker-controller/internal/controller/genplan.go:123.17,125.4 1 0
github.com/temporalio/temporal-worker-controller/internal/controller/genplan.go:126.3,126.28 1 0
github.com/temporalio/temporal-worker-controller/internal/controller/genplan.go:129.2,129.18 1 0
github.com/temporalio/temporal-worker-controller/internal/controller/genplan.go:137.31,139.2 1 0
github.com/temporalio/temporal-worker-controller/internal/controller/genstatus.go:29.63,34.51 3 0
github.com/temporalio/temporal-worker-controller/internal/controller/genstatus.go:34.51,43.17 2 0
github.com/temporalio/temporal-worker-controller/internal/controller/genstatus.go:43.17,46.4 1 0
github.com/temporalio/temporal-worker-controller/internal/controller/genstatus.go:49.3,49.75 1 0
github.com/temporalio/temporal-worker-controller/internal/controller/genstatus.go:49.75,51.4 1 0
github.com/temporalio/temporal-worker-controller/internal/controller/genstatus.go:57.2,60.20 3 0
github.com/temporalio/temporal-worker-controller/internal/controller/state_mapper.go:22.139,28.2 1 1
github.com/temporalio/temporal-worker-controller/internal/controller/state_mapper.go:31.98,45.37 6 1
github.com/temporalio/temporal-worker-controller/internal/controller/state_mapper.go:45.37,52.3 4 1
github.com/temporalio/temporal-worker-controller/internal/controller/state_mapper.go:55.2,56.46 2 1
github.com/temporalio/temporal-worker-controller/internal/controller/state_mapper.go:56.46,58.60 1 1
github.com/temporalio/temporal-worker-controller/internal/controller/state_mapper.go:58.60,59.12 1 1
github.com/temporalio/temporal-worker-controller/internal/controller/state_mapper.go:62.3,63.27 2 1
github.com/temporalio/temporal-worker-controller/internal/controller/state_mapper.go:63.27,65.4 1 1
github.com/temporalio/temporal-worker-controller/internal/controller/state_mapper.go:67.2,72.45 3 1
github.com/temporalio/temporal-worker-controller/internal/controller/state_mapper.go:72.45,73.48 1 1
github.com/temporalio/temporal-worker-controller/internal/controller/state_mapper.go:73.48,75.4 1 1
github.com/temporalio/temporal-worker-controller/internal/controller/state_mapper.go:75.9,75.48 1 1
github.com/temporalio/temporal-worker-controller/internal/controller/state_mapper.go:75.48,78.4 1 1
github.com/temporalio/temporal-worker-controller/internal/controller/state_mapper.go:81.2,81.15 1 1
github.com/temporalio/temporal-worker-controller/internal/controller/state_mapper.go:85.123,86.19 1 1
github.com/temporalio/temporal-worker-controller/internal/controller/state_mapper.go:86.19,88.3 1 0
github.com/temporalio/temporal-worker-controller/internal/controller/state_mapper.go:90.2,98.67 2 1
github.com/temporalio/temporal-worker-controller/internal/controller/state_mapper.go:98.67,103.14 3 1
github.com/temporalio/temporal-worker-controller/internal/controller/state_mapper.go:103.14,105.4 1 1
github.com/temporalio/temporal-worker-controller/internal/controller/state_mapper.go:109.2,109.74 1 1
github.com/temporalio/temporal-worker-controller/internal/controller/state_mapper.go:109.74,114.3 2 1
github.com/temporalio/temporal-worker-controller/internal/controller/state_mapper.go:116.2,116.16 1 1
github.com/temporalio/temporal-worker-controller/internal/controller/state_mapper.go:120.120,128.19 2 1
github.com/temporalio/temporal-worker-controller/internal/controller/state_mapper.go:128.19,130.3 1 0
github.com/temporalio/temporal-worker-controller/internal/controller/state_mapper.go:133.2,133.67 1 1
github.com/temporalio/temporal-worker-controller/internal/controller/state_mapper.go:133.67,138.14 3 1
github.com/temporalio/temporal-worker-controller/internal/controller/state_mapper.go:138.14,140.4 1 1
github.com/temporalio/temporal-worker-controller/internal/controller/state_mapper.go:144.2,144.74 1 1
github.com/temporalio/temporal-worker-controller/internal/controller/state_mapper.go:144.74,150.100 2 1
github.com/temporalio/temporal-worker-controller/internal/controller/state_mapper.go:150.100,152.4 1 1
github.com/temporalio/temporal-worker-controller/internal/controller/state_mapper.go:155.3,158.90 2 1
github.com/temporalio/temporal-worker-controller/internal/controller/state_mapper.go:161.2,161.16 1 1
github.com/temporalio/temporal-worker-controller/internal/controller/state_mapper.go:165.129,166.19 1 1
github.com/temporalio/temporal-worker-controller/internal/controller/state_mapper.go:166.19,168.3 1 0
github.com/temporalio/temporal-worker-controller/internal/controller/state_mapper.go:170.2,178.67 2 1
github.com/temporalio/temporal-worker-controller/internal/controller/state_mapper.go:178.67,183.14 3 1
github.com/temporalio/temporal-worker-controller/internal/controller/state_mapper.go:183.14,185.4 1 1
github.com/temporalio/temporal-worker-controller/internal/controller/state_mapper.go:189.2,189.74 1 1
github.com/temporalio/temporal-worker-controller/internal/controller/state_mapper.go:189.74,193.42 2 1
github.com/temporalio/temporal-worker-controller/internal/controller/state_mapper.go:193.42,196.4 2 1
github.com/temporalio/temporal-worker-controller/internal/controller/state_mapper.go:199.3,199.81 1 1
github.com/temporalio/temporal-worker-controller/internal/controller/state_mapper.go:202.2,202.16 1 1
github.com/temporalio/temporal-worker-controller/internal/controller/util.go:21.36,23.43 1 0
github.com/temporalio/temporal-worker-controller/internal/controller/util.go:23.43,25.3 1 0
github.com/temporalio/temporal-worker-controller/internal/controller/util.go:27.2,27.63 1 0
github.com/temporalio/temporal-worker-controller/internal/controller/util.go:27.63,29.3 1 0
github.com/temporalio/temporal-worker-controller/internal/controller/util.go:30.2,30.18 1 0
github.com/temporalio/temporal-worker-controller/internal/controller/util.go:34.37,35.66 1 0
github.com/temporalio/temporal-worker-controller/internal/controller/util.go:35.66,37.3 1 0
github.com/temporalio/temporal-worker-controller/internal/controller/util.go:38.2,38.34 1 0
github.com/temporalio/temporal-worker-controller/internal/controller/worker_controller.go:63.116,74.70 6 0
github.com/temporalio/temporal-worker-controller/internal/controller/worker_controller.go:74.70,80.3 2 0
github.com/temporalio/temporal-worker-controller/internal/controller/worker_controller.go:83.2,83.65 1 0
github.com/temporalio/temporal-worker-controller/internal/controller/worker_controller.go:83.65,86.3 2 0
github.com/temporalio/temporal-worker-controller/internal/controller/worker_controller.go:89.2,89.75 1 0
github.com/temporalio/temporal-worker-controller/internal/controller/worker_controller.go:89.75,95.3 2 0
github.com/temporalio/temporal-worker-controller/internal/controller/worker_controller.go:98.2,98.62 1 0
github.com/temporalio/temporal-worker-controller/internal/controller/worker_controller.go:98.62,102.3 3 0
github.com/temporalio/temporal-worker-controller/internal/controller/worker_controller.go:105.2,109.38 2 0
github.com/temporalio/temporal-worker-controller/internal/controller/worker_controller.go:109.38,112.3 2 0
github.com/temporalio/temporal-worker-controller/internal/controller/worker_controller.go:115.2,120.9 2 0
github.com/temporalio/temporal-worker-controller/internal/controller/worker_controller.go:120.9,126.17 2 0
github.com/temporalio/temporal-worker-controller/internal/controller/worker_controller.go:126.17,129.4 2 0
github.com/temporalio/temporal-worker-controller/internal/controller/worker_controller.go:130.3,130.21 1 0
github.com/temporalio/temporal-worker-controller/internal/controller/worker_controller.go:133.2,144.16 4 0
github.com/temporalio/temporal-worker-controller/internal/controller/worker_controller.go:144.16,146.3 1 0
github.com/temporalio/temporal-worker-controller/internal/controller/worker_controller.go:149.2,158.16 2 0
github.com/temporalio/temporal-worker-controller/internal/controller/worker_controller.go:158.16,160.3 1 0
github.com/temporalio/temporal-worker-controller/internal/controller/worker_controller.go:163.2,164.16 2 0
github.com/temporalio/temporal-worker-controller/internal/controller/worker_controller.go:164.16,166.3 1 0
github.com/temporalio/temporal-worker-controller/internal/controller/worker_controller.go:167.2,168.62 2 0
github.com/temporalio/temporal-worker-controller/internal/controller/worker_controller.go:168.62,171.32 1 0
github.com/temporalio/temporal-worker-controller/internal/controller/worker_controller.go:171.32,176.4 1 0
github.com/temporalio/temporal-worker-controller/internal/controller/worker_controller.go:177.3,178.28 2 0
github.com/temporalio/temporal-worker-controller/internal/controller/worker_controller.go:183.2,183.65 1 0
github.com/temporalio/temporal-worker-controller/internal/controller/worker_controller.go:183.65,186.3 2 0
github.com/temporalio/temporal-worker-controller/internal/controller/worker_controller.go:189.2,190.16 2 0
github.com/temporalio/temporal-worker-controller/internal/controller/worker_controller.go:190.16,192.3 1 0
github.com/temporalio/temporal-worker-controller/internal/controller/worker_controller.go:195.2,195.68 1 0
github.com/temporalio/temporal-worker-controller/internal/controller/worker_controller.go:195.68,197.3 1 0
github.com/temporalio/temporal-worker-controller/internal/controller/worker_controller.go:199.2,205.8 1 0
github.com/temporalio/temporal-worker-controller/internal/controller/worker_controller.go:209.87,210.141 1 0
github.com/temporalio/temporal-worker-controller/internal/controller/worker_controller.go:210.141,215.19 3 0
github.com/temporalio/temporal-worker-controller/internal/controller/worker_controller.go:215.19,217.4 1 0
github.com/temporalio/temporal-worker-controller/internal/controller/worker_controller.go:220.3,220.79 1 0
github.com/temporalio/temporal-worker-controller/internal/controller/worker_controller.go:220.79,222.4 1 0
github.com/temporalio/temporal-worker-controller/internal/controller/worker_controller.go:225.3,225.30 1 0
github.com/temporalio/temporal-worker-controller/internal/controller/worker_controller.go:226.17,228.3 1 0
github.com/temporalio/temporal-worker-controller/internal/controller/worker_controller.go:230.2,239.14 2 0
github.com/temporalio/temporal-worker-controller/internal/controller/worker_controller.go:242.129,247.82 3 0
github.com/temporalio/temporal-worker-controller/internal/controller/worker_controller.go:247.82,249.3 1 0
github.com/temporalio/temporal-worker-controller/internal/controller/worker_controller.go:252.2,252.33 1 0
github.com/temporalio/temporal-worker-controller/internal/controller/worker_controller.go:252.33,253.64 1 0
github.com/temporalio/temporal-worker-controller/internal/controller/worker_controller.go:253.64,261.4 1 0
github.com/temporalio/temporal-worker-controller/internal/controller/worker_controller.go:264.2,264.17 1 0
github.com/temporalio/temporal-worker-controller/internal/planner/planner.go:69.18,90.2 8 1
github.com/temporalio/temporal-worker-controller/internal/planner/planner.go:100.22,102.13 2 1
github.com/temporalio/temporal-worker-controller/internal/planner/planner.go:102.13,104.3 1 1
github.com/temporalio/temporal-worker-controller/internal/planner/planner.go:107.2,108.99 2 1
github.com/temporalio/temporal-worker-controller/internal/planner/planner.go:108.99,113.3 2 1
github.com/temporalio/temporal-worker-controller/internal/planner/planner.go:115.2,115.12 1 1
github.com/temporalio/temporal-worker-controller/internal/planner/planner.go:119.122,124.38 2 1
github.com/temporalio/temporal-worker-controller/internal/planner/planner.go:124.38,125.64 1 1
github.com/temporalio/temporal-worker-controller/internal/planner/planner.go:125.64,126.61 1 1
github.com/temporalio/temporal-worker-controller/internal/planner/planner.go:126.61,128.10 2 1
github.com/temporalio/temporal-worker-controller/internal/planner/planner.go:134.2,134.69 1 1
github.com/temporalio/temporal-worker-controller/internal/planner/planner.go:134.69,135.37 1 1
github.com/temporalio/temporal-worker-controller/internal/planner/planner.go:135.37,136.38 1 1
github.com/temporalio/temporal-worker-controller/internal/planner/planner.go:136.38,138.5 1 1
github.com/temporalio/temporal-worker-controller/internal/planner/planner.go:147.24,151.40 2 1
github.com/temporalio/temporal-worker-controller/internal/planner/planner.go:151.40,152.130 1 1
github.com/temporalio/temporal-worker-controller/internal/planner/planner.go:152.130,154.4 1 1
github.com/temporalio/temporal-worker-controller/internal/planner/planner.go:158.2,158.73 1 1
github.com/temporalio/temporal-worker-controller/internal/planner/planner.go:158.73,159.131 1 1
github.com/temporalio/temporal-worker-controller/internal/planner/planner.go:159.131,161.4 1 1
github.com/temporalio/temporal-worker-controller/internal/planner/planner.go:165.2,165.52 1 1
github.com/temporalio/temporal-worker-controller/internal/planner/planner.go:165.52,166.117 1 1
github.com/temporalio/temporal-worker-controller/internal/planner/planner.go:166.117,168.4 1 1
github.com/temporalio/temporal-worker-controller/internal/planner/planner.go:171.2,171.26 1 1
github.com/temporalio/temporal-worker-controller/internal/planner/planner.go:179.24,182.52 2 1
github.com/temporalio/temporal-worker-controller/internal/planner/planner.go:182.52,183.32 1 1
github.com/temporalio/temporal-worker-controller/internal/planner/planner.go:183.32,184.12 1 0
github.com/temporalio/temporal-worker-controller/internal/planner/planner.go:188.3,189.14 2 1
github.com/temporalio/temporal-worker-controller/internal/planner/planner.go:189.14,190.12 1 0
github.com/temporalio/temporal-worker-controller/internal/planner/planner.go:193.3,193.25 1 1
github.com/temporalio/temporal-worker-controller/internal/planner/planner.go:194.48,199.27 1 1
github.com/temporalio/temporal-worker-controller/internal/planner/planner.go:199.27,201.5 1 1
github.com/temporalio/temporal-worker-controller/internal/planner/planner.go:202.54,205.55 1 1
github.com/temporalio/temporal-worker-controller/internal/planner/planner.go:205.55,207.5 1 1
github.com/temporalio/temporal-worker-controller/internal/planner/planner.go:211.2,211.26 1 1
github.com/temporalio/temporal-worker-controller/internal/planner/planner.go:219.38,224.77 3 1
github.com/temporalio/temporal-worker-controller/internal/planner/planner.go:224.77,226.79 2 1
github.com/temporalio/temporal-worker-controller/internal/planner/planner.go:226.79,227.62 1 1
github.com/temporalio/temporal-worker-controller/internal/planner/planner.go:227.62,229.5 1 1
github.com/temporalio/temporal-worker-controller/internal/planner/planner.go:234.2,235.42 1 1
github.com/temporalio/temporal-worker-controller/internal/planner/planner.go:235.42,236.78 1 1
github.com/temporalio/temporal-worker-controller/internal/planner/planner.go:236.78,237.62 1 1
github.com/temporalio/temporal-worker-controller/internal/planner/planner.go:237.62,239.5 1 1
github.com/temporalio/temporal-worker-controller/internal/planner/planner.go:244.2,244.52 1 1
github.com/temporalio/temporal-worker-controller/internal/planner/planner.go:244.52,245.32 1 1
github.com/temporalio/temporal-worker-controller/internal/planner/planner.go:245.32,246.12 1 0
github.com/temporalio/temporal-worker-controller/internal/planner/planner.go:249.3,250.14 2 1
github.com/temporalio/temporal-worker-controller/internal/planner/planner.go:250.14,251.12 1 1
github.com/temporalio/temporal-worker-controller/internal/planner/planner.go:254.3,254.25 1 1
github.com/temporalio/temporal-worker-controller/internal/planner/planner.go:255.49,257.55 1 1
github.com/temporalio/temporal-worker-controller/internal/planner/planner.go:257.55,258.63 1 0
github.com/temporalio/temporal-worker-controller/internal/planner/planner.go:258.63,260.6 1 0
github.com/temporalio/temporal-worker-controller/internal/planner/planner.go:261.10,261.62 1 1
github.com/temporalio/temporal-worker-controller/internal/planner/planner.go:261.62,263.5 1 1
github.com/temporalio/temporal-worker-controller/internal/planner/planner.go:264.89,266.62 1 1
github.com/temporalio/temporal-worker-controller/internal/planner/planner.go:266.62,268.5 1 0
github.com/temporalio/temporal-worker-controller/internal/planner/planner.go:269.48,270.91 1 1
github.com/temporalio/temporal-worker-controller/internal/planner/planner.go:270.91,273.56 1 1
github.com/temporalio/temporal-worker-controller/internal/planner/planner.go:273.56,275.6 1 1
github.com/temporalio/temporal-worker-controller/internal/planner/planner.go:280.2,280.25 1 1
github.com/temporalio/temporal-worker-controller/internal/planner/planner.go:287.8,289.44 1 1
github.com/temporalio/temporal-worker-controller/internal/planner/planner.go:289.44,291.3 1 1
github.com/temporalio/temporal-worker-controller/internal/planner/planner.go:294.2,295.50 2 1
github.com/temporalio/temporal-worker-controller/internal/planner/planner.go:295.50,297.3 1 1
github.com/temporalio/temporal-worker-controller/internal/planner/planner.go:299.2,299.82 1 1
github.com/temporalio/temporal-worker-controller/internal/planner/planner.go:299.82,301.3 1 0
github.com/temporalio/temporal-worker-controller/internal/planner/planner.go:303.2,303.13 1 1
github.com/temporalio/temporal-worker-controller/internal/planner/planner.go:311.20,319.80 2 1
github.com/temporalio/temporal-worker-controller/internal/planner/planner.go:319.80,321.3 1 1
github.com/temporalio/temporal-worker-controller/internal/planner/planner.go:323.2,327.49 3 1
github.com/temporalio/temporal-worker-controller/internal/planner/planner.go:327.49,329.3 1 1
github.com/temporalio/temporal-worker-controller/internal/planner/planner.go:332.2,332.46 1 1
github.com/temporalio/temporal-worker-controller/internal/planner/planner.go:332.46,333.53 1 1
github.com/temporalio/temporal-worker-controller/internal/planner/planner.go:333.53,340.4 1 1
github.com/temporalio/temporal-worker-controller/internal/planner/planner.go:343.2,343.22 1 1
github.com/temporalio/temporal-worker-controller/internal/planner/planner.go:353.18,357.58 3 1
github.com/temporalio/temporal-worker-controller/internal/planner/planner.go:357.58,359.3 1 0
github.com/temporalio/temporal-worker-controller/internal/planner/planner.go:362.2,363.80 1 1
github.com/temporalio/temporal-worker-controller/internal/planner/planner.go:363.80,365.3 1 1
github.com/temporalio/temporal-worker-controller/internal/planner/planner.go:368.2,368.26 1 1
github.com/temporalio/temporal-worker-controller/internal/planner/planner.go:368.26,369.48 1 1
github.com/temporalio/temporal-worker-controller/internal/planner/planner.go:369.48,371.4 1 1
github.com/temporalio/temporal-worker-controller/internal/planner/planner.go:372.3,372.85 1 1
github.com/temporalio/temporal-worker-controller/internal/planner/planner.go:372.85,374.4 1 1
github.com/temporalio/temporal-worker-controller/internal/planner/planner.go:375.3,375.57 1 1
github.com/temporalio/temporal-worker-controller/internal/planner/planner.go:375.57,376.72 1 1
github.com/temporalio/temporal-worker-controller/internal/planner/planner.go:376.72,378.5 1 1
github.com/temporalio/temporal-worker-controller/internal/planner/planner.go:382.2,390.92 2 1
github.com/temporalio/temporal-worker-controller/internal/planner/planner.go:390.92,393.3 2 0
github.com/temporalio/temporal-worker-controller/internal/planner/planner.go:396.2,396.67 1 1
github.com/temporalio/temporal-worker-controller/internal/planner/planner.go:396.67,398.41 1 1
github.com/temporalio/temporal-worker-controller/internal/planner/planner.go:398.41,402.4 3 1
github.com/temporalio/temporal-worker-controller/internal/planner/planner.go:404.3,404.13 1 0
github.com/temporalio/temporal-worker-controller/internal/planner/planner.go:407.2,407.27 1 1
github.com/temporalio/temporal-worker-controller/internal/planner/planner.go:408.39,409.13 1 0
github.com/temporalio/temporal-worker-controller/internal/planner/planner.go:410.42,413.14 2 1
github.com/temporalio/temporal-worker-controller/internal/planner/planner.go:414.44,415.146 1 1
github.com/temporalio/temporal-worker-controller/internal/planner/planner.go:418.2,418.12 1 0
github.com/temporalio/temporal-worker-controller/internal/planner/planner.go:428.18,434.21 1 1
github.com/temporalio/temporal-worker-controller/internal/planner/planner.go:434.21,436.3 1 1
github.com/temporalio/temporal-worker-controller/internal/planner/planner.go:439.2,444.33 3 1
github.com/temporalio/temporal-worker-controller/internal/planner/planner.go:444.33,447.3 2 1
github.com/temporalio/temporal-worker-controller/internal/planner/planner.go:453.2,453.57 1 1
github.com/temporalio/temporal-worker-controller/internal/planner/planner.go:453.57,456.3 2 1
github.com/temporalio/temporal-worker-controller/internal/planner/planner.go:459.2,459.31 1 1
github.com/temporalio/temporal-worker-controller/internal/planner/planner.go:459.31,460.85 1 1
github.com/temporalio/temporal-worker-controller/internal/planner/planner.go:460.85,461.24 1 1
github.com/temporalio/temporal-worker-controller/internal/planner/planner.go:461.24,464.5 2 1
github.com/temporalio/temporal-worker-controller/internal/planner/planner.go:464.10,467.5 2 1
github.com/temporalio/temporal-worker-controller/internal/planner/planner.go:472.2,472.12 1 1
github.com/temporalio/temporal-worker-controller/internal/planner/planner.go:475.101,476.33 1 1
github.com/temporalio/temporal-worker-controller/internal/planner/planner.go:476.33,478.3 1 1
github.com/temporalio/temporal-worker-controller/internal/planner/planner.go:480.2,481.26 2 1
github.com/temporalio/temporal-worker-controller/internal/planner/planner.go:481.26,483.47 1 1
github.com/temporalio/temporal-worker-controller/internal/planner/planner.go:483.47,484.9 1 1
github.com/temporalio/temporal-worker-controller/internal/planner/planner.go:486.3,486.13 1 1
github.com/temporalio/temporal-worker-controller/internal/planner/planner.go:489.2,489.15 1 1
github.com/temporalio/temporal-worker-controller/internal/controller/k8s.io/utils/utils.go:45.40,47.2 1 1
github.com/temporalio/temporal-worker-controller/internal/controller/k8s.io/utils/utils.go:52.66,55.2 2 1
github.com/temporalio/temporal-worker-controller/internal/controller/k8s.io/utils/utils.go:63.94,68.27 3 1
github.com/temporalio/temporal-worker-controller/internal/controller/k8s.io/utils/utils.go:68.27,72.3 3 1
github.com/temporalio/temporal-worker-controller/internal/controller/k8s.io/utils/utils.go:74.2,74.11 1 1
github.com/temporalio/temporal-worker-controller/internal/controller/k8s.io/utils/utils.go:74.11,76.3 1 1
github.com/temporalio/temporal-worker-controller/internal/controller/k8s.io/utils/utils.go:77.2,77.73 1 1
github.com/temporalio/temporal-worker-controller/internal/testhelpers/make.go:27.48,31.28 4 1
github.com/temporalio/temporal-worker-controller/internal/testhelpers/make.go:31.28,33.3 1 0
github.com/temporalio/temporal-worker-controller/internal/testhelpers/make.go:34.2,34.27 1 1
github.com/temporalio/temporal-worker-controller/internal/testhelpers/make.go:34.27,36.3 1 0
github.com/temporalio/temporal-worker-controller/internal/testhelpers/make.go:37.2,37.23 1 1
github.com/temporalio/temporal-worker-controller/internal/testhelpers/make.go:37.23,39.3 1 0
github.com/temporalio/temporal-worker-controller/internal/testhelpers/make.go:41.2,61.12 3 1
github.com/temporalio/temporal-worker-controller/internal/testhelpers/make.go:65.116,66.28 1 1
github.com/temporalio/temporal-worker-controller/internal/testhelpers/make.go:66.28,68.3 1 1
github.com/temporalio/temporal-worker-controller/internal/testhelpers/make.go:70.2,77.3 1 1
github.com/temporalio/temporal-worker-controller/internal/testhelpers/make.go:81.68,85.2 1 1
github.com/temporalio/temporal-worker-controller/internal/testhelpers/make.go:88.92,89.44 1 1
github.com/temporalio/temporal-worker-controller/internal/testhelpers/make.go:89.44,91.27 2 1
github.com/temporalio/temporal-worker-controller/internal/testhelpers/make.go:91.27,92.33 1 1
github.com/temporalio/temporal-worker-controller/internal/testhelpers/make.go:92.33,95.5 2 1
github.com/temporalio/temporal-worker-controller/internal/testhelpers/make.go:97.3,97.13 1 1
github.com/temporalio/temporal-worker-controller/internal/testhelpers/make.go:97.13,102.4 1 0
github.com/temporalio/temporal-worker-controller/internal/testhelpers/make.go:104.2,104.16 1 1
github.com/temporalio/temporal-worker-controller/internal/testhelpers/make.go:107.103,109.2 1 0
github.com/temporalio/temporal-worker-controller/internal/testhelpers/make.go:114.85,118.104 1 1
github.com/temporalio/temporal-worker-controller/internal/testhelpers/make.go:118.104,119.23 1 1
github.com/temporalio/temporal-worker-controller/internal/testhelpers/make.go:119.23,121.6 1 0
github.com/temporalio/temporal-worker-controller/internal/testhelpers/make.go:121.11,123.6 1 1
github.com/temporalio/temporal-worker-controller/internal/testhelpers/make.go:124.5,124.15 1 1
github.com/temporalio/temporal-worker-controller/internal/testhelpers/make.go:130.91,135.2 4 1
github.com/temporalio/temporal-worker-controller/internal/testhelpers/make.go:137.146,142.13 2 0
github.com/temporalio/temporal-worker-controller/internal/testhelpers/make.go:142.13,145.3 2 0
github.com/temporalio/temporal-worker-controller/internal/testhelpers/make.go:146.2,146.12 1 0
github.com/temporalio/temporal-worker-controller/internal/testhelpers/make.go:149.208,154.25 2 1
github.com/temporalio/temporal-worker-controller/internal/testhelpers/make.go:154.25,156.3 1 0
github.com/temporalio/temporal-worker-controller/internal/testhelpers/make.go:158.2,158.13 1 1
github.com/temporalio/temporal-worker-controller/internal/testhelpers/make.go:158.13,161.3 2 1
github.com/temporalio/temporal-worker-controller/internal/testhelpers/make.go:162.2,162.12 1 1
github.com/temporalio/temporal-worker-controller/internal/testhelpers/make.go:165.208,169.55 2 0
github.com/temporalio/temporal-worker-controller/internal/testhelpers/make.go:169.55,172.3 2 0
github.com/temporalio/temporal-worker-controller/internal/testhelpers/make.go:174.2,174.13 1 0
github.com/temporalio/temporal-worker-controller/internal/testhelpers/make.go:174.13,177.3 2 0
github.com/temporalio/temporal-worker-controller/internal/testhelpers/make.go:178.2,178.12 1 0
github.com/temporalio/temporal-worker-controller/internal/testhelpers/make.go:181.186,191.19 2 1
github.com/temporalio/temporal-worker-controller/internal/testhelpers/make.go:191.19,199.3 1 1
github.com/temporalio/temporal-worker-controller/internal/testhelpers/make.go:201.2,201.22 1 1
github.com/temporalio/temporal-worker-controller/internal/testhelpers/make.go:201.22,203.3 1 0
github.com/temporalio/temporal-worker-controller/internal/testhelpers/make.go:204.2,204.12 1 1
github.com/temporalio/temporal-worker-controller/internal/testhelpers/make.go:207.56,209.2 1 1
github.com/temporalio/temporal-worker-controller/internal/testhelpers/test_builder.go:23.76,27.2 1 1
github.com/temporalio/temporal-worker-controller/internal/testhelpers/test_builder.go:30.98,34.2 3 1
github.com/temporalio/temporal-worker-controller/internal/testhelpers/test_builder.go:37.108,40.2 2 1
github.com/temporalio/temporal-worker-controller/internal/testhelpers/test_builder.go:43.97,46.2 2 1
github.com/temporalio/temporal-worker-controller/internal/testhelpers/test_builder.go:49.100,52.2 2 1
github.com/temporalio/temporal-worker-controller/internal/testhelpers/test_builder.go:55.141,59.2 3 0
github.com/temporalio/temporal-worker-controller/internal/testhelpers/test_builder.go:62.105,63.19 1 0
github.com/temporalio/temporal-worker-controller/internal/testhelpers/test_builder.go:63.19,65.3 1 0
github.com/temporalio/temporal-worker-controller/internal/testhelpers/test_builder.go:65.8,67.3 1 0
github.com/temporalio/temporal-worker-controller/internal/testhelpers/test_builder.go:68.2,68.10 1 0
github.com/temporalio/temporal-worker-controller/internal/testhelpers/test_builder.go:72.105,75.2 2 0
github.com/temporalio/temporal-worker-controller/internal/testhelpers/test_builder.go:78.113,81.2 2 1
github.com/temporalio/temporal-worker-controller/internal/testhelpers/test_builder.go:84.122,87.2 2 1
github.com/temporalio/temporal-worker-controller/internal/testhelpers/test_builder.go:90.124,93.2 2 1
github.com/temporalio/temporal-worker-controller/internal/testhelpers/test_builder.go:96.113,97.36 1 0
github.com/temporalio/temporal-worker-controller/internal/testhelpers/test_builder.go:97.36,99.3 1 0
github.com/temporalio/temporal-worker-controller/internal/testhelpers/test_builder.go:100.2,100.27 1 0
github.com/temporalio/temporal-worker-controller/internal/testhelpers/test_builder.go:100.27,102.3 1 0
github.com/temporalio/temporal-worker-controller/internal/testhelpers/test_builder.go:103.2,103.10 1 0
github.com/temporalio/temporal-worker-controller/internal/testhelpers/test_builder.go:106.117,109.2 2 0
github.com/temporalio/temporal-worker-controller/internal/testhelpers/test_builder.go:112.96,114.55 1 1
github.com/temporalio/temporal-worker-controller/internal/testhelpers/test_builder.go:114.55,116.3 1 0
github.com/temporalio/temporal-worker-controller/internal/testhelpers/test_builder.go:118.2,118.36 1 1
github.com/temporalio/temporal-worker-controller/internal/testhelpers/test_builder.go:118.36,120.3 1 0
github.com/temporalio/temporal-worker-controller/internal/testhelpers/test_builder.go:122.2,122.28 1 1
github.com/temporalio/temporal-worker-controller/internal/testhelpers/test_builder.go:122.28,127.3 1 0
github.com/temporalio/temporal-worker-controller/internal/testhelpers/test_builder.go:128.2,128.14 1 1
github.com/temporalio/temporal-worker-controller/internal/testhelpers/test_builder.go:145.40,147.2 1 1
github.com/temporalio/temporal-worker-controller/internal/testhelpers/test_builder.go:150.63,153.2 2 1
github.com/temporalio/temporal-worker-controller/internal/testhelpers/test_builder.go:156.76,159.2 2 1
github.com/temporalio/temporal-worker-controller/internal/testhelpers/test_builder.go:162.110,163.119 1 0
github.com/temporalio/temporal-worker-controller/internal/testhelpers/test_builder.go:163.119,165.3 1 0
github.com/temporalio/temporal-worker-controller/internal/testhelpers/test_builder.go:166.2,166.11 1 0
github.com/temporalio/temporal-worker-controller/internal/testhelpers/test_builder.go:172.179,173.116 1 1
github.com/temporalio/temporal-worker-controller/internal/testhelpers/test_builder.go:173.116,175.3 1 1
github.com/temporalio/temporal-worker-controller/internal/testhelpers/test_builder.go:176.2,176.11 1 1
github.com/temporalio/temporal-worker-controller/internal/testhelpers/test_builder.go:183.96,184.128 1 0
github.com/temporalio/temporal-worker-controller/internal/testhelpers/test_builder.go:184.128,186.30 2 0
github.com/temporalio/temporal-worker-controller/internal/testhelpers/test_builder.go:186.30,189.4 1 0
github.com/temporalio/temporal-worker-controller/internal/testhelpers/test_builder.go:190.3,190.13 1 0
github.com/temporalio/temporal-worker-controller/internal/testhelpers/test_builder.go:192.2,192.11 1 0
github.com/temporalio/temporal-worker-controller/internal/testhelpers/test_builder.go:196.85,197.36 1 1
github.com/temporalio/temporal-worker-controller/internal/testhelpers/test_builder.go:197.36,199.3 1 0
github.com/temporalio/temporal-worker-controller/internal/testhelpers/test_builder.go:200.2,203.37 2 1
github.com/temporalio/temporal-worker-controller/internal/testhelpers/test_builder.go:203.37,205.3 1 0
github.com/temporalio/temporal-worker-controller/internal/testhelpers/test_builder.go:206.2,206.41 1 1
github.com/temporalio/temporal-worker-controller/internal/testhelpers/test_builder.go:206.41,208.3 1 0
github.com/temporalio/temporal-worker-controller/internal/testhelpers/test_builder.go:209.2,209.12 1 1
github.com/temporalio/temporal-worker-controller/internal/testhelpers/test_builder.go:246.75,248.2 1 1
github.com/temporalio/temporal-worker-controller/internal/testhelpers/test_builder.go:250.70,252.2 1 0
github.com/temporalio/temporal-worker-controller/internal/testhelpers/test_builder.go:254.69,256.2 1 0
github.com/temporalio/temporal-worker-controller/internal/testhelpers/test_builder.go:258.92,260.2 1 0
github.com/temporalio/temporal-worker-controller/internal/testhelpers/test_builder.go:262.70,264.2 1 0
github.com/temporalio/temporal-worker-controller/internal/testhelpers/test_builder.go:266.50,268.2 1 0
github.com/temporalio/temporal-worker-controller/internal/testhelpers/test_builder.go:270.102,272.2 1 0
github.com/temporalio/temporal-worker-controller/internal/testhelpers/test_builder.go:290.37,297.2 1 1
github.com/temporalio/temporal-worker-controller/internal/testhelpers/test_builder.go:300.91,311.2 1 0
github.com/temporalio/temporal-worker-controller/internal/testhelpers/test_builder.go:314.133,317.2 2 1
github.com/temporalio/temporal-worker-controller/internal/testhelpers/test_builder.go:320.101,323.2 2 1
github.com/temporalio/temporal-worker-controller/internal/testhelpers/test_builder.go:327.83,330.2 2 1
github.com/temporalio/temporal-worker-controller/internal/testhelpers/test_builder.go:342.159,350.2 1 0
github.com/temporalio/temporal-worker-controller/internal/testhelpers/test_builder.go:359.73,364.2 1 0
github.com/temporalio/temporal-worker-controller/internal/testhelpers/test_builder.go:367.113,370.2 2 1
github.com/temporalio/temporal-worker-controller/internal/testhelpers/test_builder.go:373.113,376.2 2 0
github.com/temporalio/temporal-worker-controller/internal/testhelpers/test_builder.go:379.95,382.2 2 1
github.com/temporalio/temporal-worker-controller/internal/testhelpers/test_builder.go:385.46,403.51 2 1
github.com/temporalio/temporal-worker-controller/internal/testhelpers/test_builder.go:403.51,407.3 3 1
github.com/temporalio/temporal-worker-controller/internal/testhelpers/test_builder.go:408.2,408.51 1 1
github.com/temporalio/temporal-worker-controller/internal/testhelpers/test_builder.go:408.51,411.3 2 0
github.com/temporalio/temporal-worker-controller/internal/testhelpers/test_builder.go:412.2,413.12 2 1
github.com/temporalio/temporal-worker-controller/internal/testhelpers/test_builder.go:417.100,422.2 4 1
github.com/temporalio/temporal-worker-controller/internal/testhelpers/test_builder.go:425.106,430.2 1 0
github.com/temporalio/temporal-worker-controller/internal/testhelpers/workers.go:21.81,22.59 1 0
github.com/temporalio/temporal-worker-controller/internal/testhelpers/workers.go:22.59,23.20 1 0
github.com/temporalio/temporal-worker-controller/internal/testhelpers/workers.go:23.20,25.4 1 0
github.com/temporalio/temporal-worker-controller/internal/testhelpers/workers.go:27.2,27.67 1 0
github.com/temporalio/temporal-worker-controller/internal/testhelpers/workers.go:31.132,33.16 2 0
github.com/temporalio/temporal-worker-controller/internal/testhelpers/workers.go:33.16,35.3 1 0
github.com/temporalio/temporal-worker-controller/internal/testhelpers/workers.go:36.2,37.16 2 0
github.com/temporalio/temporal-worker-controller/internal/testhelpers/workers.go:37.16,39.3 1 0
github.com/temporalio/temporal-worker-controller/internal/testhelpers/workers.go:40.2,41.16 2 0
github.com/temporalio/temporal-worker-controller/internal/testhelpers/workers.go:41.16,43.3 1 0
github.com/temporalio/temporal-worker-controller/internal/testhelpers/workers.go:44.2,45.16 2 0
github.com/temporalio/temporal-worker-controller/internal/testhelpers/workers.go:45.16,47.3 1 0
github.com/temporalio/temporal-worker-controller/internal/testhelpers/workers.go:48.2,49.16 2 0
github.com/temporalio/temporal-worker-controller/internal/testhelpers/workers.go:49.16,51.3 1 0
github.com/temporalio/temporal-worker-controller/internal/testhelpers/workers.go:52.2,52.124 1 0
github.com/temporalio/temporal-worker-controller/internal/testhelpers/workers.go:59.49,61.15 2 0
github.com/temporalio/temporal-worker-controller/internal/testhelpers/workers.go:61.15,70.3 1 0
github.com/temporalio/temporal-worker-controller/internal/testhelpers/workers.go:72.2,73.16 2 0
github.com/temporalio/temporal-worker-controller/internal/testhelpers/workers.go:73.16,75.3 1 0
github.com/temporalio/temporal-worker-controller/internal/testhelpers/workers.go:77.2,79.19 2 0
github.com/temporalio/temporal-worker-controller/internal/testhelpers/workers.go:79.19,81.3 1 0
github.com/temporalio/temporal-worker-controller/internal/testhelpers/workers.go:84.88,92.16 3 0
github.com/temporalio/temporal-worker-controller/internal/testhelpers/workers.go:92.16,94.3 1 0
github.com/temporalio/temporal-worker-controller/internal/testhelpers/workers.go:96.2,96.76 1 0
github.com/temporalio/temporal-worker-controller/internal/testhelpers/workers.go:96.76,98.3 1 0
github.com/temporalio/temporal-worker-controller/internal/testhelpers/workers.go:100.2,102.17 1 0
github.com/temporalio/temporal-worker-controller/internal/testhelpers/workers.go:102.17,104.3 1 0
github.com/temporalio/temporal-worker-controller/internal/testhelpers/workers.go:106.2,106.15 1 0
github.com/temporalio/temporal-worker-controller/internal/testhelpers/workers.go:110.130,112.15 2 0
github.com/temporalio/temporal-worker-controller/internal/testhelpers/workers.go:112.15,114.3 1 0
github.com/temporalio/temporal-worker-controller/internal/testhelpers/workers.go:115.2,115.16 1 0
github.com/temporalio/temporal-worker-controller/internal/testhelpers/workers.go:115.16,117.3 1 0
github.com/temporalio/temporal-worker-controller/internal/testhelpers/workers.go:120.2,126.12 5 0
github.com/temporalio/temporal-worker-controller/internal/testhelpers/workers.go:126.12,128.17 2 0
github.com/temporalio/temporal-worker-controller/internal/testhelpers/workers.go:128.17,130.4 1 0
github.com/temporalio/temporal-worker-controller/internal/testhelpers/workers.go:134.81,138.2 1 0
github.com/temporalio/temporal-worker-controller/internal/testhelpers/workers.go:140.64,146.97 4 0
github.com/temporalio/temporal-worker-controller/internal/testhelpers/workers.go:146.97,148.3 1 0
github.com/temporalio/temporal-worker-controller/internal/testhelpers/workers.go:151.2,151.90 1 0
github.com/temporalio/temporal-worker-controller/internal/testhelpers/workers.go:151.90,153.3 1 0
github.com/temporalio/temporal-worker-controller/internal/testhelpers/workers.go:156.2,156.46 1 0
github.com/temporalio/temporal-worker-controller/internal/testhelpers/workers.go:159.61,165.97 4 0
github.com/temporalio/temporal-worker-controller/internal/testhelpers/workers.go:165.97,167.3 1 0
github.com/temporalio/temporal-worker-controller/internal/testhelpers/workers.go:170.2,170.90 1 0
github.com/temporalio/temporal-worker-controller/internal/testhelpers/workers.go:170.90,172.3 1 0
github.com/temporalio/temporal-worker-controller/internal/testhelpers/workers.go:175.2,175.77 1 0
github.com/temporalio/temporal-worker-controller/internal/testhelpers/workers.go:178.65,181.2 2 0
github.com/temporalio/temporal-worker-controller/internal/testhelpers/workers.go:183.66,185.2 1 0
