mode: set
github.com/DataDog/temporal-worker-controller/api/v1alpha1/temporalconnection_types.go:46.13,48.2 1 0
github.com/DataDog/temporal-worker-controller/api/v1alpha1/worker_types.go:220.13,222.2 1 0
github.com/DataDog/temporal-worker-controller/api/v1alpha1/zz_generated.deepcopy.go:14.81,16.2 1 0
github.com/DataDog/temporal-worker-controller/api/v1alpha1/zz_generated.deepcopy.go:19.74,20.15 1 0
github.com/DataDog/temporal-worker-controller/api/v1alpha1/zz_generated.deepcopy.go:20.15,22.3 1 0
github.com/DataDog/temporal-worker-controller/api/v1alpha1/zz_generated.deepcopy.go:23.2,25.12 3 0
github.com/DataDog/temporal-worker-controller/api/v1alpha1/zz_generated.deepcopy.go:29.75,31.2 1 0
github.com/DataDog/temporal-worker-controller/api/v1alpha1/zz_generated.deepcopy.go:34.68,35.15 1 0
github.com/DataDog/temporal-worker-controller/api/v1alpha1/zz_generated.deepcopy.go:35.15,37.3 1 0
github.com/DataDog/temporal-worker-controller/api/v1alpha1/zz_generated.deepcopy.go:38.2,40.12 3 0
github.com/DataDog/temporal-worker-controller/api/v1alpha1/zz_generated.deepcopy.go:44.63,47.2 2 0
github.com/DataDog/temporal-worker-controller/api/v1alpha1/zz_generated.deepcopy.go:50.56,51.15 1 0
github.com/DataDog/temporal-worker-controller/api/v1alpha1/zz_generated.deepcopy.go:51.15,53.3 1 0
github.com/DataDog/temporal-worker-controller/api/v1alpha1/zz_generated.deepcopy.go:54.2,56.12 3 0
github.com/DataDog/temporal-worker-controller/api/v1alpha1/zz_generated.deepcopy.go:60.55,63.2 2 0
github.com/DataDog/temporal-worker-controller/api/v1alpha1/zz_generated.deepcopy.go:66.48,67.15 1 0
github.com/DataDog/temporal-worker-controller/api/v1alpha1/zz_generated.deepcopy.go:67.15,69.3 1 0
github.com/DataDog/temporal-worker-controller/api/v1alpha1/zz_generated.deepcopy.go:70.2,72.12 3 0
github.com/DataDog/temporal-worker-controller/api/v1alpha1/zz_generated.deepcopy.go:76.63,78.21 2 0
github.com/DataDog/temporal-worker-controller/api/v1alpha1/zz_generated.deepcopy.go:78.21,82.3 3 0
github.com/DataDog/temporal-worker-controller/api/v1alpha1/zz_generated.deepcopy.go:86.56,87.15 1 0
github.com/DataDog/temporal-worker-controller/api/v1alpha1/zz_generated.deepcopy.go:87.15,89.3 1 0
github.com/DataDog/temporal-worker-controller/api/v1alpha1/zz_generated.deepcopy.go:90.2,92.12 3 0
github.com/DataDog/temporal-worker-controller/api/v1alpha1/zz_generated.deepcopy.go:96.69,102.2 5 0
github.com/DataDog/temporal-worker-controller/api/v1alpha1/zz_generated.deepcopy.go:105.62,106.15 1 0
github.com/DataDog/temporal-worker-controller/api/v1alpha1/zz_generated.deepcopy.go:106.15,108.3 1 0
github.com/DataDog/temporal-worker-controller/api/v1alpha1/zz_generated.deepcopy.go:109.2,111.12 3 0
github.com/DataDog/temporal-worker-controller/api/v1alpha1/zz_generated.deepcopy.go:115.63,116.34 1 0
github.com/DataDog/temporal-worker-controller/api/v1alpha1/zz_generated.deepcopy.go:116.34,118.3 1 0
github.com/DataDog/temporal-worker-controller/api/v1alpha1/zz_generated.deepcopy.go:119.2,119.12 1 0
github.com/DataDog/temporal-worker-controller/api/v1alpha1/zz_generated.deepcopy.go:123.77,127.21 4 0
github.com/DataDog/temporal-worker-controller/api/v1alpha1/zz_generated.deepcopy.go:127.21,130.22 3 0
github.com/DataDog/temporal-worker-controller/api/v1alpha1/zz_generated.deepcopy.go:130.22,132.4 1 0
github.com/DataDog/temporal-worker-controller/api/v1alpha1/zz_generated.deepcopy.go:137.70,138.15 1 0
github.com/DataDog/temporal-worker-controller/api/v1alpha1/zz_generated.deepcopy.go:138.15,140.3 1 0
github.com/DataDog/temporal-worker-controller/api/v1alpha1/zz_generated.deepcopy.go:141.2,143.12 3 0
github.com/DataDog/temporal-worker-controller/api/v1alpha1/zz_generated.deepcopy.go:147.67,148.34 1 0
github.com/DataDog/temporal-worker-controller/api/v1alpha1/zz_generated.deepcopy.go:148.34,150.3 1 0
github.com/DataDog/temporal-worker-controller/api/v1alpha1/zz_generated.deepcopy.go:151.2,151.12 1 0
github.com/DataDog/temporal-worker-controller/api/v1alpha1/zz_generated.deepcopy.go:155.77,157.2 1 0
github.com/DataDog/temporal-worker-controller/api/v1alpha1/zz_generated.deepcopy.go:160.70,161.15 1 0
github.com/DataDog/temporal-worker-controller/api/v1alpha1/zz_generated.deepcopy.go:161.15,163.3 1 0
github.com/DataDog/temporal-worker-controller/api/v1alpha1/zz_generated.deepcopy.go:164.2,166.12 3 0
github.com/DataDog/temporal-worker-controller/api/v1alpha1/zz_generated.deepcopy.go:170.81,172.2 1 0
github.com/DataDog/temporal-worker-controller/api/v1alpha1/zz_generated.deepcopy.go:175.74,176.15 1 0
github.com/DataDog/temporal-worker-controller/api/v1alpha1/zz_generated.deepcopy.go:176.15,178.3 1 0
github.com/DataDog/temporal-worker-controller/api/v1alpha1/zz_generated.deepcopy.go:179.2,181.12 3 0
github.com/DataDog/temporal-worker-controller/api/v1alpha1/zz_generated.deepcopy.go:185.61,191.2 5 0
github.com/DataDog/temporal-worker-controller/api/v1alpha1/zz_generated.deepcopy.go:194.54,195.15 1 0
github.com/DataDog/temporal-worker-controller/api/v1alpha1/zz_generated.deepcopy.go:195.15,197.3 1 0
github.com/DataDog/temporal-worker-controller/api/v1alpha1/zz_generated.deepcopy.go:198.2,200.12 3 0
github.com/DataDog/temporal-worker-controller/api/v1alpha1/zz_generated.deepcopy.go:204.59,205.34 1 0
github.com/DataDog/temporal-worker-controller/api/v1alpha1/zz_generated.deepcopy.go:205.34,207.3 1 0
github.com/DataDog/temporal-worker-controller/api/v1alpha1/zz_generated.deepcopy.go:208.2,208.12 1 0
github.com/DataDog/temporal-worker-controller/api/v1alpha1/zz_generated.deepcopy.go:212.69,216.21 4 0
github.com/DataDog/temporal-worker-controller/api/v1alpha1/zz_generated.deepcopy.go:216.21,219.22 3 0
github.com/DataDog/temporal-worker-controller/api/v1alpha1/zz_generated.deepcopy.go:219.22,221.4 1 0
github.com/DataDog/temporal-worker-controller/api/v1alpha1/zz_generated.deepcopy.go:226.62,227.15 1 0
github.com/DataDog/temporal-worker-controller/api/v1alpha1/zz_generated.deepcopy.go:227.15,229.3 1 0
github.com/DataDog/temporal-worker-controller/api/v1alpha1/zz_generated.deepcopy.go:230.2,232.12 3 0
github.com/DataDog/temporal-worker-controller/api/v1alpha1/zz_generated.deepcopy.go:236.63,237.34 1 0
github.com/DataDog/temporal-worker-controller/api/v1alpha1/zz_generated.deepcopy.go:237.34,239.3 1 0
github.com/DataDog/temporal-worker-controller/api/v1alpha1/zz_generated.deepcopy.go:240.2,240.12 1 0
github.com/DataDog/temporal-worker-controller/api/v1alpha1/zz_generated.deepcopy.go:244.69,246.24 2 0
github.com/DataDog/temporal-worker-controller/api/v1alpha1/zz_generated.deepcopy.go:246.24,250.3 3 0
github.com/DataDog/temporal-worker-controller/api/v1alpha1/zz_generated.deepcopy.go:251.2,251.24 1 0
github.com/DataDog/temporal-worker-controller/api/v1alpha1/zz_generated.deepcopy.go:251.24,255.3 3 0
github.com/DataDog/temporal-worker-controller/api/v1alpha1/zz_generated.deepcopy.go:256.2,257.39 2 0
github.com/DataDog/temporal-worker-controller/api/v1alpha1/zz_generated.deepcopy.go:257.39,261.3 3 0
github.com/DataDog/temporal-worker-controller/api/v1alpha1/zz_generated.deepcopy.go:262.2,263.38 2 0
github.com/DataDog/temporal-worker-controller/api/v1alpha1/zz_generated.deepcopy.go:267.62,268.15 1 0
github.com/DataDog/temporal-worker-controller/api/v1alpha1/zz_generated.deepcopy.go:268.15,270.3 1 0
github.com/DataDog/temporal-worker-controller/api/v1alpha1/zz_generated.deepcopy.go:271.2,273.12 3 0
github.com/DataDog/temporal-worker-controller/api/v1alpha1/zz_generated.deepcopy.go:277.73,279.29 2 0
github.com/DataDog/temporal-worker-controller/api/v1alpha1/zz_generated.deepcopy.go:279.29,283.3 3 0
github.com/DataDog/temporal-worker-controller/api/v1alpha1/zz_generated.deepcopy.go:284.2,284.30 1 0
github.com/DataDog/temporal-worker-controller/api/v1alpha1/zz_generated.deepcopy.go:284.30,288.3 3 0
github.com/DataDog/temporal-worker-controller/api/v1alpha1/zz_generated.deepcopy.go:289.2,289.34 1 0
github.com/DataDog/temporal-worker-controller/api/v1alpha1/zz_generated.deepcopy.go:289.34,292.22 3 0
github.com/DataDog/temporal-worker-controller/api/v1alpha1/zz_generated.deepcopy.go:292.22,293.23 1 0
github.com/DataDog/temporal-worker-controller/api/v1alpha1/zz_generated.deepcopy.go:293.23,297.5 3 0
github.com/DataDog/temporal-worker-controller/api/v1alpha1/zz_generated.deepcopy.go:300.2,300.36 1 0
github.com/DataDog/temporal-worker-controller/api/v1alpha1/zz_generated.deepcopy.go:300.36,304.3 3 0
github.com/DataDog/temporal-worker-controller/api/v1alpha1/zz_generated.deepcopy.go:308.66,309.15 1 0
github.com/DataDog/temporal-worker-controller/api/v1alpha1/zz_generated.deepcopy.go:309.15,311.3 1 0
github.com/DataDog/temporal-worker-controller/api/v1alpha1/zz_generated.deepcopy.go:312.2,314.12 3 0
github.com/DataDog/temporal-worker-controller/api/v1alpha1/zz_generated.deepcopy.go:318.71,320.28 2 0
github.com/DataDog/temporal-worker-controller/api/v1alpha1/zz_generated.deepcopy.go:320.28,323.3 2 0
github.com/DataDog/temporal-worker-controller/api/v1alpha1/zz_generated.deepcopy.go:324.2,324.34 1 0
github.com/DataDog/temporal-worker-controller/api/v1alpha1/zz_generated.deepcopy.go:324.34,328.3 3 0
github.com/DataDog/temporal-worker-controller/api/v1alpha1/zz_generated.deepcopy.go:329.2,329.30 1 0
github.com/DataDog/temporal-worker-controller/api/v1alpha1/zz_generated.deepcopy.go:329.30,333.3 3 0
github.com/DataDog/temporal-worker-controller/api/v1alpha1/zz_generated.deepcopy.go:334.2,334.26 1 0
github.com/DataDog/temporal-worker-controller/api/v1alpha1/zz_generated.deepcopy.go:334.26,338.3 3 0
github.com/DataDog/temporal-worker-controller/api/v1alpha1/zz_generated.deepcopy.go:342.64,343.15 1 0
github.com/DataDog/temporal-worker-controller/api/v1alpha1/zz_generated.deepcopy.go:343.15,345.3 1 0
github.com/DataDog/temporal-worker-controller/api/v1alpha1/zz_generated.deepcopy.go:346.2,348.12 3 0
github.com/DataDog/temporal-worker-controller/api/v1alpha1/zz_generated.deepcopy.go:352.59,354.2 1 0
github.com/DataDog/temporal-worker-controller/api/v1alpha1/zz_generated.deepcopy.go:357.52,358.15 1 0
github.com/DataDog/temporal-worker-controller/api/v1alpha1/zz_generated.deepcopy.go:358.15,360.3 1 0
github.com/DataDog/temporal-worker-controller/api/v1alpha1/zz_generated.deepcopy.go:361.2,363.12 3 0
github.com/DataDog/temporal-worker-controller/hack/demohelper/main.go:44.45,46.2 1 0
github.com/DataDog/temporal-worker-controller/hack/demohelper/main.go:48.69,53.2 1 0
github.com/DataDog/temporal-worker-controller/hack/demohelper/main.go:60.68,62.26 1 0
github.com/DataDog/temporal-worker-controller/hack/demohelper/main.go:62.26,66.41 3 0
github.com/DataDog/temporal-worker-controller/hack/demohelper/main.go:66.41,68.4 1 0
github.com/DataDog/temporal-worker-controller/hack/demohelper/main.go:71.2,71.27 1 0
github.com/DataDog/temporal-worker-controller/hack/demohelper/main.go:74.75,76.32 1 0
github.com/DataDog/temporal-worker-controller/hack/demohelper/main.go:76.32,77.34 1 0
github.com/DataDog/temporal-worker-controller/hack/demohelper/main.go:77.34,79.27 1 0
github.com/DataDog/temporal-worker-controller/hack/demohelper/main.go:79.27,81.5 1 0
github.com/DataDog/temporal-worker-controller/hack/demohelper/main.go:82.4,82.57 1 0
github.com/DataDog/temporal-worker-controller/hack/demohelper/main.go:85.3,85.26 1 0
github.com/DataDog/temporal-worker-controller/hack/demohelper/main.go:85.26,90.15 2 0
github.com/DataDog/temporal-worker-controller/hack/demohelper/main.go:90.15,94.5 3 0
github.com/DataDog/temporal-worker-controller/hack/demohelper/main.go:96.4,101.15 5 0
github.com/DataDog/temporal-worker-controller/hack/demohelper/main.go:101.15,103.5 1 0
github.com/DataDog/temporal-worker-controller/hack/demohelper/main.go:104.4,104.14 1 0
github.com/DataDog/temporal-worker-controller/hack/demohelper/main.go:105.19,107.4 1 0
github.com/DataDog/temporal-worker-controller/hack/demohelper/main.go:109.2,109.12 1 0
github.com/DataDog/temporal-worker-controller/hack/demohelper/main.go:112.13,219.2 2 0
github.com/DataDog/temporal-worker-controller/hack/demohelper/main.go:221.32,222.39 1 0
github.com/DataDog/temporal-worker-controller/hack/demohelper/main.go:222.39,224.3 1 0
github.com/DataDog/temporal-worker-controller/hack/demohelper/main.go:226.2,226.26 1 0
github.com/DataDog/temporal-worker-controller/hack/demohelper/main.go:226.26,236.70 2 0
github.com/DataDog/temporal-worker-controller/hack/demohelper/main.go:236.70,238.4 1 0
github.com/DataDog/temporal-worker-controller/hack/demohelper/main.go:240.2,240.41 1 0
github.com/DataDog/temporal-worker-controller/hack/demohelper/main.go:243.27,247.2 3 0
github.com/DataDog/temporal-worker-controller/hack/demohelper/main.go:249.42,251.2 1 0
github.com/DataDog/temporal-worker-controller/hack/demohelper/main.go:253.31,255.2 1 0
github.com/DataDog/temporal-worker-controller/hack/demohelper/main.go:257.43,260.30 2 0
github.com/DataDog/temporal-worker-controller/hack/demohelper/main.go:260.30,261.31 1 0
github.com/DataDog/temporal-worker-controller/hack/demohelper/main.go:261.31,263.4 1 0
github.com/DataDog/temporal-worker-controller/hack/demohelper/main.go:266.2,266.12 1 0
github.com/DataDog/temporal-worker-controller/cmd/main.go:36.13,41.2 2 0
github.com/DataDog/temporal-worker-controller/cmd/main.go:43.13,81.16 12 0
github.com/DataDog/temporal-worker-controller/cmd/main.go:81.16,84.3 2 0
github.com/DataDog/temporal-worker-controller/cmd/main.go:86.2,94.39 1 0
github.com/DataDog/temporal-worker-controller/cmd/main.go:94.39,97.3 2 0
github.com/DataDog/temporal-worker-controller/cmd/main.go:100.2,100.69 1 0
github.com/DataDog/temporal-worker-controller/cmd/main.go:100.69,103.3 2 0
github.com/DataDog/temporal-worker-controller/cmd/main.go:104.2,104.67 1 0
github.com/DataDog/temporal-worker-controller/cmd/main.go:104.67,107.3 2 0
github.com/DataDog/temporal-worker-controller/cmd/main.go:109.2,110.61 2 0
github.com/DataDog/temporal-worker-controller/cmd/main.go:110.61,113.3 2 0
github.com/DataDog/temporal-worker-controller/internal/controller/clientpool/clientpool.go:21.36,26.2 1 0
github.com/DataDog/temporal-worker-controller/internal/controller/clientpool/clientpool.go:28.111,33.8 4 0
github.com/DataDog/temporal-worker-controller/internal/controller/clientpool/clientpool.go:33.8,35.3 1 0
github.com/DataDog/temporal-worker-controller/internal/controller/clientpool/clientpool.go:36.2,36.19 1 0
github.com/DataDog/temporal-worker-controller/internal/controller/clientpool/clientpool.go:39.100,44.16 2 0
github.com/DataDog/temporal-worker-controller/internal/controller/clientpool/clientpool.go:44.16,46.3 1 0
github.com/DataDog/temporal-worker-controller/internal/controller/clientpool/clientpool.go:48.2,53.33 4 0
github.com/DataDog/temporal-worker-controller/internal/controller/clientpool/clientpool.go:56.31,60.31 3 0
github.com/DataDog/temporal-worker-controller/internal/controller/clientpool/clientpool.go:60.31,62.3 1 0
github.com/DataDog/temporal-worker-controller/internal/controller/clientpool/clientpool.go:64.2,64.45 1 0
github.com/DataDog/temporal-worker-controller/internal/tools/licensecheck/main.go:24.13,25.34 1 0
github.com/DataDog/temporal-worker-controller/internal/tools/licensecheck/main.go:25.34,27.3 1 0
github.com/DataDog/temporal-worker-controller/internal/tools/licensecheck/main.go:39.22,42.16 3 0
github.com/DataDog/temporal-worker-controller/internal/tools/licensecheck/main.go:42.16,44.3 1 0
github.com/DataDog/temporal-worker-controller/internal/tools/licensecheck/main.go:46.2,47.16 2 0
github.com/DataDog/temporal-worker-controller/internal/tools/licensecheck/main.go:47.16,49.3 1 0
github.com/DataDog/temporal-worker-controller/internal/tools/licensecheck/main.go:50.2,54.16 4 0
github.com/DataDog/temporal-worker-controller/internal/tools/licensecheck/main.go:54.16,56.3 1 0
github.com/DataDog/temporal-worker-controller/internal/tools/licensecheck/main.go:58.2,60.71 3 0
github.com/DataDog/temporal-worker-controller/internal/tools/licensecheck/main.go:60.71,62.3 1 0
github.com/DataDog/temporal-worker-controller/internal/tools/licensecheck/main.go:64.2,64.27 1 0
github.com/DataDog/temporal-worker-controller/internal/tools/licensecheck/main.go:64.27,68.28 4 0
github.com/DataDog/temporal-worker-controller/internal/tools/licensecheck/main.go:68.28,71.18 2 0
github.com/DataDog/temporal-worker-controller/internal/tools/licensecheck/main.go:71.18,73.62 1 0
github.com/DataDog/temporal-worker-controller/internal/tools/licensecheck/main.go:73.62,75.6 1 0
github.com/DataDog/temporal-worker-controller/internal/tools/licensecheck/main.go:76.5,76.63 1 0
github.com/DataDog/temporal-worker-controller/internal/tools/licensecheck/main.go:76.63,78.6 1 0
github.com/DataDog/temporal-worker-controller/internal/tools/licensecheck/main.go:79.10,80.59 1 0
github.com/DataDog/temporal-worker-controller/internal/tools/licensecheck/main.go:80.59,82.20 2 0
github.com/DataDog/temporal-worker-controller/internal/tools/licensecheck/main.go:82.20,83.15 1 0
github.com/DataDog/temporal-worker-controller/internal/tools/licensecheck/main.go:85.6,86.11 2 0
github.com/DataDog/temporal-worker-controller/internal/tools/licensecheck/main.go:89.4,89.70 1 0
github.com/DataDog/temporal-worker-controller/internal/tools/licensecheck/main.go:89.70,91.5 1 0
github.com/DataDog/temporal-worker-controller/internal/tools/licensecheck/main.go:93.3,95.37 2 0
github.com/DataDog/temporal-worker-controller/internal/tools/licensecheck/main.go:98.2,98.30 1 0
github.com/DataDog/temporal-worker-controller/internal/tools/licensecheck/main.go:98.30,100.10 2 0
github.com/DataDog/temporal-worker-controller/internal/tools/licensecheck/main.go:100.10,102.12 2 0
github.com/DataDog/temporal-worker-controller/internal/tools/licensecheck/main.go:104.3,104.21 1 0
github.com/DataDog/temporal-worker-controller/internal/tools/licensecheck/main.go:104.21,106.4 1 0
github.com/DataDog/temporal-worker-controller/internal/tools/licensecheck/main.go:107.3,107.24 1 0
github.com/DataDog/temporal-worker-controller/internal/tools/licensecheck/main.go:107.24,109.4 1 0
github.com/DataDog/temporal-worker-controller/internal/tools/licensecheck/main.go:110.3,110.22 1 0
github.com/DataDog/temporal-worker-controller/internal/tools/licensecheck/main.go:110.22,112.4 1 0
github.com/DataDog/temporal-worker-controller/internal/tools/licensecheck/main.go:113.3,113.28 1 0
github.com/DataDog/temporal-worker-controller/internal/tools/licensecheck/main.go:116.2,116.55 1 0
github.com/DataDog/temporal-worker-controller/internal/tools/licensecheck/main.go:116.55,118.3 1 0
github.com/DataDog/temporal-worker-controller/internal/tools/licensecheck/main.go:120.2,121.12 2 0
github.com/DataDog/temporal-worker-controller/internal/tools/licensecheck/main.go:124.74,128.89 3 0
github.com/DataDog/temporal-worker-controller/internal/tools/licensecheck/main.go:128.89,130.3 1 0
github.com/DataDog/temporal-worker-controller/internal/tools/licensecheck/main.go:133.2,134.31 2 0
github.com/DataDog/temporal-worker-controller/internal/tools/licensecheck/main.go:134.31,136.3 1 0
github.com/DataDog/temporal-worker-controller/internal/tools/licensecheck/main.go:137.2,139.25 2 0
github.com/DataDog/temporal-worker-controller/internal/tools/licensecheck/main.go:139.25,141.104 2 0
github.com/DataDog/temporal-worker-controller/internal/tools/licensecheck/main.go:141.104,143.4 1 0
github.com/DataDog/temporal-worker-controller/internal/tools/licensecheck/main.go:146.2,146.12 1 0
github.com/DataDog/temporal-worker-controller/internal/tools/copyright/main.go:51.13,58.35 6 0
github.com/DataDog/temporal-worker-controller/internal/tools/copyright/main.go:58.35,61.3 2 0
github.com/DataDog/temporal-worker-controller/internal/tools/copyright/main.go:64.65,68.2 1 0
github.com/DataDog/temporal-worker-controller/internal/tools/copyright/main.go:70.47,72.16 2 0
github.com/DataDog/temporal-worker-controller/internal/tools/copyright/main.go:72.16,74.3 1 0
github.com/DataDog/temporal-worker-controller/internal/tools/copyright/main.go:75.2,77.76 2 0
github.com/DataDog/temporal-worker-controller/internal/tools/copyright/main.go:77.76,79.3 1 0
github.com/DataDog/temporal-worker-controller/internal/tools/copyright/main.go:80.2,80.12 1 0
github.com/DataDog/temporal-worker-controller/internal/tools/copyright/main.go:83.98,84.16 1 0
github.com/DataDog/temporal-worker-controller/internal/tools/copyright/main.go:84.16,86.3 1 0
github.com/DataDog/temporal-worker-controller/internal/tools/copyright/main.go:88.2,88.22 1 0
github.com/DataDog/temporal-worker-controller/internal/tools/copyright/main.go:88.22,90.3 1 0
github.com/DataDog/temporal-worker-controller/internal/tools/copyright/main.go:92.2,92.28 1 0
github.com/DataDog/temporal-worker-controller/internal/tools/copyright/main.go:92.28,94.3 1 0
github.com/DataDog/temporal-worker-controller/internal/tools/copyright/main.go:96.2,96.48 1 0
github.com/DataDog/temporal-worker-controller/internal/tools/copyright/main.go:96.48,98.3 1 0
github.com/DataDog/temporal-worker-controller/internal/tools/copyright/main.go:102.2,103.16 2 0
github.com/DataDog/temporal-worker-controller/internal/tools/copyright/main.go:103.16,105.3 1 0
github.com/DataDog/temporal-worker-controller/internal/tools/copyright/main.go:107.2,109.19 3 0
github.com/DataDog/temporal-worker-controller/internal/tools/copyright/main.go:109.19,111.3 1 0
github.com/DataDog/temporal-worker-controller/internal/tools/copyright/main.go:112.2,113.38 2 0
github.com/DataDog/temporal-worker-controller/internal/tools/copyright/main.go:113.38,115.3 1 0
github.com/DataDog/temporal-worker-controller/internal/tools/copyright/main.go:116.2,118.40 2 0
github.com/DataDog/temporal-worker-controller/internal/tools/copyright/main.go:118.40,119.42 1 0
github.com/DataDog/temporal-worker-controller/internal/tools/copyright/main.go:119.42,121.4 1 0
github.com/DataDog/temporal-worker-controller/internal/tools/copyright/main.go:125.2,125.28 1 0
github.com/DataDog/temporal-worker-controller/internal/tools/copyright/main.go:125.28,126.33 1 0
github.com/DataDog/temporal-worker-controller/internal/tools/copyright/main.go:126.33,128.4 1 0
github.com/DataDog/temporal-worker-controller/internal/tools/copyright/main.go:133.2,134.16 2 0
github.com/DataDog/temporal-worker-controller/internal/tools/copyright/main.go:134.16,136.3 1 0
github.com/DataDog/temporal-worker-controller/internal/tools/copyright/main.go:138.2,138.84 1 0
github.com/DataDog/temporal-worker-controller/internal/tools/copyright/main.go:141.44,143.2 1 0
github.com/DataDog/temporal-worker-controller/internal/tools/copyright/main.go:145.40,146.33 1 0
github.com/DataDog/temporal-worker-controller/internal/tools/copyright/main.go:146.33,147.33 1 0
github.com/DataDog/temporal-worker-controller/internal/tools/copyright/main.go:147.33,149.4 1 0
github.com/DataDog/temporal-worker-controller/internal/tools/copyright/main.go:151.2,151.13 1 0
github.com/DataDog/temporal-worker-controller/internal/tools/copyright/main.go:154.50,157.21 3 0
github.com/DataDog/temporal-worker-controller/internal/tools/copyright/main.go:157.21,159.17 2 0
github.com/DataDog/temporal-worker-controller/internal/tools/copyright/main.go:159.17,161.4 1 0
github.com/DataDog/temporal-worker-controller/internal/tools/copyright/main.go:161.9,163.4 1 0
github.com/DataDog/temporal-worker-controller/internal/tools/copyright/main.go:165.2,167.38 2 0
github.com/DataDog/temporal-worker-controller/internal/tools/copyright/main.go:167.38,169.3 1 0
github.com/DataDog/temporal-worker-controller/internal/tools/copyright/main.go:170.2,170.37 1 0
github.com/DataDog/temporal-worker-controller/internal/controller/k8s.io/utils/utils.go:45.40,47.2 1 0
github.com/DataDog/temporal-worker-controller/internal/controller/k8s.io/utils/utils.go:52.66,55.2 2 0
github.com/DataDog/temporal-worker-controller/internal/controller/k8s.io/utils/utils.go:62.78,67.27 3 0
github.com/DataDog/temporal-worker-controller/internal/controller/k8s.io/utils/utils.go:67.27,71.3 3 0
github.com/DataDog/temporal-worker-controller/internal/controller/k8s.io/utils/utils.go:73.2,73.73 1 0
github.com/DataDog/temporal-worker-controller/api/v1alpha1/temporalconnection_types.go:46.13,48.2 1 1
github.com/DataDog/temporal-worker-controller/api/v1alpha1/worker_types.go:220.13,222.2 1 1
github.com/DataDog/temporal-worker-controller/api/v1alpha1/zz_generated.deepcopy.go:14.81,16.2 1 0
github.com/DataDog/temporal-worker-controller/api/v1alpha1/zz_generated.deepcopy.go:19.74,20.15 1 0
github.com/DataDog/temporal-worker-controller/api/v1alpha1/zz_generated.deepcopy.go:20.15,22.3 1 0
github.com/DataDog/temporal-worker-controller/api/v1alpha1/zz_generated.deepcopy.go:23.2,25.12 3 0
github.com/DataDog/temporal-worker-controller/api/v1alpha1/zz_generated.deepcopy.go:29.75,31.2 1 0
github.com/DataDog/temporal-worker-controller/api/v1alpha1/zz_generated.deepcopy.go:34.68,35.15 1 0
github.com/DataDog/temporal-worker-controller/api/v1alpha1/zz_generated.deepcopy.go:35.15,37.3 1 0
github.com/DataDog/temporal-worker-controller/api/v1alpha1/zz_generated.deepcopy.go:38.2,40.12 3 0
github.com/DataDog/temporal-worker-controller/api/v1alpha1/zz_generated.deepcopy.go:44.63,47.2 2 0
github.com/DataDog/temporal-worker-controller/api/v1alpha1/zz_generated.deepcopy.go:50.56,51.15 1 0
github.com/DataDog/temporal-worker-controller/api/v1alpha1/zz_generated.deepcopy.go:51.15,53.3 1 0
github.com/DataDog/temporal-worker-controller/api/v1alpha1/zz_generated.deepcopy.go:54.2,56.12 3 0
github.com/DataDog/temporal-worker-controller/api/v1alpha1/zz_generated.deepcopy.go:60.55,63.2 2 0
github.com/DataDog/temporal-worker-controller/api/v1alpha1/zz_generated.deepcopy.go:66.48,67.15 1 0
github.com/DataDog/temporal-worker-controller/api/v1alpha1/zz_generated.deepcopy.go:67.15,69.3 1 0
github.com/DataDog/temporal-worker-controller/api/v1alpha1/zz_generated.deepcopy.go:70.2,72.12 3 0
github.com/DataDog/temporal-worker-controller/api/v1alpha1/zz_generated.deepcopy.go:76.63,78.21 2 0
github.com/DataDog/temporal-worker-controller/api/v1alpha1/zz_generated.deepcopy.go:78.21,82.3 3 0
github.com/DataDog/temporal-worker-controller/api/v1alpha1/zz_generated.deepcopy.go:86.56,87.15 1 0
github.com/DataDog/temporal-worker-controller/api/v1alpha1/zz_generated.deepcopy.go:87.15,89.3 1 0
github.com/DataDog/temporal-worker-controller/api/v1alpha1/zz_generated.deepcopy.go:90.2,92.12 3 0
github.com/DataDog/temporal-worker-controller/api/v1alpha1/zz_generated.deepcopy.go:96.69,102.2 5 0
github.com/DataDog/temporal-worker-controller/api/v1alpha1/zz_generated.deepcopy.go:105.62,106.15 1 0
github.com/DataDog/temporal-worker-controller/api/v1alpha1/zz_generated.deepcopy.go:106.15,108.3 1 0
github.com/DataDog/temporal-worker-controller/api/v1alpha1/zz_generated.deepcopy.go:109.2,111.12 3 0
github.com/DataDog/temporal-worker-controller/api/v1alpha1/zz_generated.deepcopy.go:115.63,116.34 1 0
github.com/DataDog/temporal-worker-controller/api/v1alpha1/zz_generated.deepcopy.go:116.34,118.3 1 0
github.com/DataDog/temporal-worker-controller/api/v1alpha1/zz_generated.deepcopy.go:119.2,119.12 1 0
github.com/DataDog/temporal-worker-controller/api/v1alpha1/zz_generated.deepcopy.go:123.77,127.21 4 0
github.com/DataDog/temporal-worker-controller/api/v1alpha1/zz_generated.deepcopy.go:127.21,130.22 3 0
github.com/DataDog/temporal-worker-controller/api/v1alpha1/zz_generated.deepcopy.go:130.22,132.4 1 0
github.com/DataDog/temporal-worker-controller/api/v1alpha1/zz_generated.deepcopy.go:137.70,138.15 1 0
github.com/DataDog/temporal-worker-controller/api/v1alpha1/zz_generated.deepcopy.go:138.15,140.3 1 0
github.com/DataDog/temporal-worker-controller/api/v1alpha1/zz_generated.deepcopy.go:141.2,143.12 3 0
github.com/DataDog/temporal-worker-controller/api/v1alpha1/zz_generated.deepcopy.go:147.67,148.34 1 0
github.com/DataDog/temporal-worker-controller/api/v1alpha1/zz_generated.deepcopy.go:148.34,150.3 1 0
github.com/DataDog/temporal-worker-controller/api/v1alpha1/zz_generated.deepcopy.go:151.2,151.12 1 0
github.com/DataDog/temporal-worker-controller/api/v1alpha1/zz_generated.deepcopy.go:155.77,157.2 1 0
github.com/DataDog/temporal-worker-controller/api/v1alpha1/zz_generated.deepcopy.go:160.70,161.15 1 0
github.com/DataDog/temporal-worker-controller/api/v1alpha1/zz_generated.deepcopy.go:161.15,163.3 1 0
github.com/DataDog/temporal-worker-controller/api/v1alpha1/zz_generated.deepcopy.go:164.2,166.12 3 0
github.com/DataDog/temporal-worker-controller/api/v1alpha1/zz_generated.deepcopy.go:170.81,172.2 1 0
github.com/DataDog/temporal-worker-controller/api/v1alpha1/zz_generated.deepcopy.go:175.74,176.15 1 0
github.com/DataDog/temporal-worker-controller/api/v1alpha1/zz_generated.deepcopy.go:176.15,178.3 1 0
github.com/DataDog/temporal-worker-controller/api/v1alpha1/zz_generated.deepcopy.go:179.2,181.12 3 0
github.com/DataDog/temporal-worker-controller/api/v1alpha1/zz_generated.deepcopy.go:185.61,191.2 5 0
github.com/DataDog/temporal-worker-controller/api/v1alpha1/zz_generated.deepcopy.go:194.54,195.15 1 0
github.com/DataDog/temporal-worker-controller/api/v1alpha1/zz_generated.deepcopy.go:195.15,197.3 1 0
github.com/DataDog/temporal-worker-controller/api/v1alpha1/zz_generated.deepcopy.go:198.2,200.12 3 0
github.com/DataDog/temporal-worker-controller/api/v1alpha1/zz_generated.deepcopy.go:204.59,205.34 1 0
github.com/DataDog/temporal-worker-controller/api/v1alpha1/zz_generated.deepcopy.go:205.34,207.3 1 0
github.com/DataDog/temporal-worker-controller/api/v1alpha1/zz_generated.deepcopy.go:208.2,208.12 1 0
github.com/DataDog/temporal-worker-controller/api/v1alpha1/zz_generated.deepcopy.go:212.69,216.21 4 0
github.com/DataDog/temporal-worker-controller/api/v1alpha1/zz_generated.deepcopy.go:216.21,219.22 3 0
github.com/DataDog/temporal-worker-controller/api/v1alpha1/zz_generated.deepcopy.go:219.22,221.4 1 0
github.com/DataDog/temporal-worker-controller/api/v1alpha1/zz_generated.deepcopy.go:226.62,227.15 1 0
github.com/DataDog/temporal-worker-controller/api/v1alpha1/zz_generated.deepcopy.go:227.15,229.3 1 0
github.com/DataDog/temporal-worker-controller/api/v1alpha1/zz_generated.deepcopy.go:230.2,232.12 3 0
github.com/DataDog/temporal-worker-controller/api/v1alpha1/zz_generated.deepcopy.go:236.63,237.34 1 0
github.com/DataDog/temporal-worker-controller/api/v1alpha1/zz_generated.deepcopy.go:237.34,239.3 1 0
github.com/DataDog/temporal-worker-controller/api/v1alpha1/zz_generated.deepcopy.go:240.2,240.12 1 0
github.com/DataDog/temporal-worker-controller/api/v1alpha1/zz_generated.deepcopy.go:244.69,246.24 2 0
github.com/DataDog/temporal-worker-controller/api/v1alpha1/zz_generated.deepcopy.go:246.24,250.3 3 0
github.com/DataDog/temporal-worker-controller/api/v1alpha1/zz_generated.deepcopy.go:251.2,251.24 1 0
github.com/DataDog/temporal-worker-controller/api/v1alpha1/zz_generated.deepcopy.go:251.24,255.3 3 0
github.com/DataDog/temporal-worker-controller/api/v1alpha1/zz_generated.deepcopy.go:256.2,257.39 2 0
github.com/DataDog/temporal-worker-controller/api/v1alpha1/zz_generated.deepcopy.go:257.39,261.3 3 0
github.com/DataDog/temporal-worker-controller/api/v1alpha1/zz_generated.deepcopy.go:262.2,263.38 2 0
github.com/DataDog/temporal-worker-controller/api/v1alpha1/zz_generated.deepcopy.go:267.62,268.15 1 0
github.com/DataDog/temporal-worker-controller/api/v1alpha1/zz_generated.deepcopy.go:268.15,270.3 1 0
github.com/DataDog/temporal-worker-controller/api/v1alpha1/zz_generated.deepcopy.go:271.2,273.12 3 0
github.com/DataDog/temporal-worker-controller/api/v1alpha1/zz_generated.deepcopy.go:277.73,279.29 2 0
github.com/DataDog/temporal-worker-controller/api/v1alpha1/zz_generated.deepcopy.go:279.29,283.3 3 0
github.com/DataDog/temporal-worker-controller/api/v1alpha1/zz_generated.deepcopy.go:284.2,284.30 1 0
github.com/DataDog/temporal-worker-controller/api/v1alpha1/zz_generated.deepcopy.go:284.30,288.3 3 0
github.com/DataDog/temporal-worker-controller/api/v1alpha1/zz_generated.deepcopy.go:289.2,289.34 1 0
github.com/DataDog/temporal-worker-controller/api/v1alpha1/zz_generated.deepcopy.go:289.34,292.22 3 0
github.com/DataDog/temporal-worker-controller/api/v1alpha1/zz_generated.deepcopy.go:292.22,293.23 1 0
github.com/DataDog/temporal-worker-controller/api/v1alpha1/zz_generated.deepcopy.go:293.23,297.5 3 0
github.com/DataDog/temporal-worker-controller/api/v1alpha1/zz_generated.deepcopy.go:300.2,300.36 1 0
github.com/DataDog/temporal-worker-controller/api/v1alpha1/zz_generated.deepcopy.go:300.36,304.3 3 0
github.com/DataDog/temporal-worker-controller/api/v1alpha1/zz_generated.deepcopy.go:308.66,309.15 1 0
github.com/DataDog/temporal-worker-controller/api/v1alpha1/zz_generated.deepcopy.go:309.15,311.3 1 0
github.com/DataDog/temporal-worker-controller/api/v1alpha1/zz_generated.deepcopy.go:312.2,314.12 3 0
github.com/DataDog/temporal-worker-controller/api/v1alpha1/zz_generated.deepcopy.go:318.71,320.28 2 0
github.com/DataDog/temporal-worker-controller/api/v1alpha1/zz_generated.deepcopy.go:320.28,323.3 2 0
github.com/DataDog/temporal-worker-controller/api/v1alpha1/zz_generated.deepcopy.go:324.2,324.34 1 0
github.com/DataDog/temporal-worker-controller/api/v1alpha1/zz_generated.deepcopy.go:324.34,328.3 3 0
github.com/DataDog/temporal-worker-controller/api/v1alpha1/zz_generated.deepcopy.go:329.2,329.30 1 0
github.com/DataDog/temporal-worker-controller/api/v1alpha1/zz_generated.deepcopy.go:329.30,333.3 3 0
github.com/DataDog/temporal-worker-controller/api/v1alpha1/zz_generated.deepcopy.go:334.2,334.26 1 0
github.com/DataDog/temporal-worker-controller/api/v1alpha1/zz_generated.deepcopy.go:334.26,338.3 3 0
github.com/DataDog/temporal-worker-controller/api/v1alpha1/zz_generated.deepcopy.go:342.64,343.15 1 0
github.com/DataDog/temporal-worker-controller/api/v1alpha1/zz_generated.deepcopy.go:343.15,345.3 1 0
github.com/DataDog/temporal-worker-controller/api/v1alpha1/zz_generated.deepcopy.go:346.2,348.12 3 0
github.com/DataDog/temporal-worker-controller/api/v1alpha1/zz_generated.deepcopy.go:352.59,354.2 1 0
github.com/DataDog/temporal-worker-controller/api/v1alpha1/zz_generated.deepcopy.go:357.52,358.15 1 0
github.com/DataDog/temporal-worker-controller/api/v1alpha1/zz_generated.deepcopy.go:358.15,360.3 1 0
github.com/DataDog/temporal-worker-controller/api/v1alpha1/zz_generated.deepcopy.go:361.2,363.12 3 0
github.com/DataDog/temporal-worker-controller/internal/controller/execplan.go:20.153,22.31 1 0
github.com/DataDog/temporal-worker-controller/internal/controller/execplan.go:22.31,24.59 2 0
github.com/DataDog/temporal-worker-controller/internal/controller/execplan.go:24.59,27.4 2 0
github.com/DataDog/temporal-worker-controller/internal/controller/execplan.go:31.2,31.40 1 0
github.com/DataDog/temporal-worker-controller/internal/controller/execplan.go:31.40,33.42 2 0
github.com/DataDog/temporal-worker-controller/internal/controller/execplan.go:33.42,36.4 2 0
github.com/DataDog/temporal-worker-controller/internal/controller/execplan.go:39.2,39.46 1 0
github.com/DataDog/temporal-worker-controller/internal/controller/execplan.go:39.46,49.107 4 0
github.com/DataDog/temporal-worker-controller/internal/controller/execplan.go:49.107,52.4 2 0
github.com/DataDog/temporal-worker-controller/internal/controller/execplan.go:56.2,56.48 1 0
github.com/DataDog/temporal-worker-controller/internal/controller/execplan.go:56.48,57.22 1 0
github.com/DataDog/temporal-worker-controller/internal/controller/execplan.go:57.22,73.19 2 0
github.com/DataDog/temporal-worker-controller/internal/controller/execplan.go:73.19,75.5 1 0
github.com/DataDog/temporal-worker-controller/internal/controller/execplan.go:101.9,101.51 1 0
github.com/DataDog/temporal-worker-controller/internal/controller/execplan.go:101.51,121.18 3 0
github.com/DataDog/temporal-worker-controller/internal/controller/execplan.go:121.18,123.5 1 0
github.com/DataDog/temporal-worker-controller/internal/controller/execplan.go:127.2,127.12 1 0
github.com/DataDog/temporal-worker-controller/internal/controller/genplan.go:58.18,66.81 2 1
github.com/DataDog/temporal-worker-controller/internal/controller/genplan.go:66.81,69.17 3 0
github.com/DataDog/temporal-worker-controller/internal/controller/genplan.go:69.17,71.4 1 0
github.com/DataDog/temporal-worker-controller/internal/controller/genplan.go:72.3,72.69 1 0
github.com/DataDog/temporal-worker-controller/internal/controller/genplan.go:72.69,74.4 1 0
github.com/DataDog/temporal-worker-controller/internal/controller/genplan.go:81.2,81.57 1 1
github.com/DataDog/temporal-worker-controller/internal/controller/genplan.go:81.57,82.35 1 0
github.com/DataDog/temporal-worker-controller/internal/controller/genplan.go:82.35,84.12 1 0
github.com/DataDog/temporal-worker-controller/internal/controller/genplan.go:87.3,88.17 2 0
github.com/DataDog/temporal-worker-controller/internal/controller/genplan.go:88.17,90.4 1 0
github.com/DataDog/temporal-worker-controller/internal/controller/genplan.go:92.3,92.34 1 0
github.com/DataDog/temporal-worker-controller/internal/controller/genplan.go:93.55,95.70 1 0
github.com/DataDog/temporal-worker-controller/internal/controller/genplan.go:95.70,97.5 1 0
github.com/DataDog/temporal-worker-controller/internal/controller/genplan.go:98.57,103.55 1 0
github.com/DataDog/temporal-worker-controller/internal/controller/genplan.go:103.55,105.5 1 0
github.com/DataDog/temporal-worker-controller/internal/controller/genplan.go:106.56,110.72 2 0
github.com/DataDog/temporal-worker-controller/internal/controller/genplan.go:110.72,112.5 1 0
github.com/DataDog/temporal-worker-controller/internal/controller/genplan.go:113.59,115.62 1 0
github.com/DataDog/temporal-worker-controller/internal/controller/genplan.go:119.2,121.67 2 1
github.com/DataDog/temporal-worker-controller/internal/controller/genplan.go:121.67,122.38 1 1
github.com/DataDog/temporal-worker-controller/internal/controller/genplan.go:122.38,125.18 2 1
github.com/DataDog/temporal-worker-controller/internal/controller/genplan.go:125.18,127.5 1 1
github.com/DataDog/temporal-worker-controller/internal/controller/genplan.go:128.4,129.23 2 0
github.com/DataDog/temporal-worker-controller/internal/controller/genplan.go:129.23,131.5 1 0
github.com/DataDog/temporal-worker-controller/internal/controller/genplan.go:132.9,134.18 2 0
github.com/DataDog/temporal-worker-controller/internal/controller/genplan.go:134.18,136.5 1 0
github.com/DataDog/temporal-worker-controller/internal/controller/genplan.go:138.4,138.47 1 0
github.com/DataDog/temporal-worker-controller/internal/controller/genplan.go:138.47,141.5 1 0
github.com/DataDog/temporal-worker-controller/internal/controller/genplan.go:141.10,145.99 1 0
github.com/DataDog/temporal-worker-controller/internal/controller/genplan.go:145.99,147.6 1 0
github.com/DataDog/temporal-worker-controller/internal/controller/genplan.go:151.5,152.40 2 0
github.com/DataDog/temporal-worker-controller/internal/controller/genplan.go:152.40,154.6 1 0
github.com/DataDog/temporal-worker-controller/internal/controller/genplan.go:159.2,159.19 1 0
github.com/DataDog/temporal-worker-controller/internal/controller/genplan.go:162.129,164.47 2 0
github.com/DataDog/temporal-worker-controller/internal/controller/genplan.go:164.47,165.48 1 0
github.com/DataDog/temporal-worker-controller/internal/controller/genplan.go:165.48,166.9 1 0
github.com/DataDog/temporal-worker-controller/internal/controller/genplan.go:168.3,168.11 1 0
github.com/DataDog/temporal-worker-controller/internal/controller/genplan.go:170.2,170.29 1 0
github.com/DataDog/temporal-worker-controller/internal/controller/genplan.go:173.193,175.17 2 0
github.com/DataDog/temporal-worker-controller/internal/controller/genplan.go:175.17,177.3 1 0
github.com/DataDog/temporal-worker-controller/internal/controller/genplan.go:178.2,181.42 2 0
github.com/DataDog/temporal-worker-controller/internal/controller/genplan.go:181.42,185.3 3 0
github.com/DataDog/temporal-worker-controller/internal/controller/genplan.go:189.2,190.46 2 0
github.com/DataDog/temporal-worker-controller/internal/controller/genplan.go:190.46,193.53 2 0
github.com/DataDog/temporal-worker-controller/internal/controller/genplan.go:193.53,195.4 1 0
github.com/DataDog/temporal-worker-controller/internal/controller/genplan.go:197.3,197.63 1 0
github.com/DataDog/temporal-worker-controller/internal/controller/genplan.go:197.63,199.4 1 0
github.com/DataDog/temporal-worker-controller/internal/controller/genplan.go:202.2,202.13 1 0
github.com/DataDog/temporal-worker-controller/internal/controller/genplan.go:205.171,207.63 1 0
github.com/DataDog/temporal-worker-controller/internal/controller/genplan.go:207.63,209.3 1 0
github.com/DataDog/temporal-worker-controller/internal/controller/genplan.go:211.2,211.27 1 0
github.com/DataDog/temporal-worker-controller/internal/controller/genplan.go:212.39,213.13 1 0
github.com/DataDog/temporal-worker-controller/internal/controller/genplan.go:214.42,218.4 1 0
github.com/DataDog/temporal-worker-controller/internal/controller/genplan.go:219.44,226.28 2 0
github.com/DataDog/temporal-worker-controller/internal/controller/genplan.go:226.28,228.4 1 0
github.com/DataDog/temporal-worker-controller/internal/controller/genplan.go:229.3,229.36 1 0
github.com/DataDog/temporal-worker-controller/internal/controller/genplan.go:229.36,230.29 1 0
github.com/DataDog/temporal-worker-controller/internal/controller/genplan.go:230.29,232.5 1 0
github.com/DataDog/temporal-worker-controller/internal/controller/genplan.go:233.4,234.44 2 0
github.com/DataDog/temporal-worker-controller/internal/controller/genplan.go:234.44,235.10 1 0
github.com/DataDog/temporal-worker-controller/internal/controller/genplan.go:239.3,239.66 1 0
github.com/DataDog/temporal-worker-controller/internal/controller/genplan.go:239.66,243.4 1 0
github.com/DataDog/temporal-worker-controller/internal/controller/genplan.go:245.3,247.4 1 0
github.com/DataDog/temporal-worker-controller/internal/controller/genplan.go:250.2,250.12 1 0
github.com/DataDog/temporal-worker-controller/internal/controller/genplan.go:253.124,258.21 2 0
github.com/DataDog/temporal-worker-controller/internal/controller/genplan.go:258.21,260.3 1 0
github.com/DataDog/temporal-worker-controller/internal/controller/genplan.go:261.2,261.16 1 0
github.com/DataDog/temporal-worker-controller/internal/controller/genplan.go:268.31,270.68 2 1
github.com/DataDog/temporal-worker-controller/internal/controller/genplan.go:270.68,272.3 1 1
github.com/DataDog/temporal-worker-controller/internal/controller/genplan.go:273.2,273.15 1 0
github.com/DataDog/temporal-worker-controller/internal/controller/genplan.go:282.22,285.26 2 1
github.com/DataDog/temporal-worker-controller/internal/controller/genplan.go:285.26,286.47 1 0
github.com/DataDog/temporal-worker-controller/internal/controller/genplan.go:286.47,288.4 1 0
github.com/DataDog/temporal-worker-controller/internal/controller/genplan.go:290.2,293.33 2 1
github.com/DataDog/temporal-worker-controller/internal/controller/genplan.go:293.33,295.3 1 1
github.com/DataDog/temporal-worker-controller/internal/controller/genplan.go:295.8,296.36 1 0
github.com/DataDog/temporal-worker-controller/internal/controller/genplan.go:296.36,298.4 1 0
github.com/DataDog/temporal-worker-controller/internal/controller/genplan.go:301.2,301.58 1 1
github.com/DataDog/temporal-worker-controller/internal/controller/genplan.go:301.58,321.3 2 1
github.com/DataDog/temporal-worker-controller/internal/controller/genplan.go:323.2,352.3 2 1
github.com/DataDog/temporal-worker-controller/internal/controller/genstatus.go:38.98,39.67 1 0
github.com/DataDog/temporal-worker-controller/internal/controller/genstatus.go:39.67,41.3 1 0
github.com/DataDog/temporal-worker-controller/internal/controller/genstatus.go:42.2,43.14 2 0
github.com/DataDog/temporal-worker-controller/internal/controller/genstatus.go:46.159,57.43 2 0
github.com/DataDog/temporal-worker-controller/internal/controller/genstatus.go:57.43,61.41 2 0
github.com/DataDog/temporal-worker-controller/internal/controller/genstatus.go:61.41,62.76 1 0
github.com/DataDog/temporal-worker-controller/internal/controller/genstatus.go:62.76,64.10 2 0
github.com/DataDog/temporal-worker-controller/internal/controller/genstatus.go:67.3,68.38 2 0
github.com/DataDog/temporal-worker-controller/internal/controller/genstatus.go:72.2,72.63 1 0
github.com/DataDog/temporal-worker-controller/internal/controller/genstatus.go:72.63,74.3 1 0
github.com/DataDog/temporal-worker-controller/internal/controller/genstatus.go:77.2,77.53 1 0
github.com/DataDog/temporal-worker-controller/internal/controller/genstatus.go:77.53,79.3 1 0
github.com/DataDog/temporal-worker-controller/internal/controller/genstatus.go:81.2,82.35 2 0
github.com/DataDog/temporal-worker-controller/internal/controller/genstatus.go:82.35,84.3 1 0
github.com/DataDog/temporal-worker-controller/internal/controller/genstatus.go:86.2,86.24 1 0
github.com/DataDog/temporal-worker-controller/internal/controller/genstatus.go:89.77,91.2 1 0
github.com/DataDog/temporal-worker-controller/internal/controller/genstatus.go:93.93,95.2 1 0
github.com/DataDog/temporal-worker-controller/internal/controller/genstatus.go:97.98,99.61 1 0
github.com/DataDog/temporal-worker-controller/internal/controller/genstatus.go:99.61,101.3 1 0
github.com/DataDog/temporal-worker-controller/internal/controller/genstatus.go:102.2,102.51 1 0
github.com/DataDog/temporal-worker-controller/internal/controller/genstatus.go:102.51,104.3 1 0
github.com/DataDog/temporal-worker-controller/internal/controller/genstatus.go:104.8,106.3 1 0
github.com/DataDog/temporal-worker-controller/internal/controller/genstatus.go:109.117,113.36 3 0
github.com/DataDog/temporal-worker-controller/internal/controller/genstatus.go:114.50,115.64 1 0
github.com/DataDog/temporal-worker-controller/internal/controller/genstatus.go:116.62,117.65 1 0
github.com/DataDog/temporal-worker-controller/internal/controller/genstatus.go:118.52,119.66 1 0
github.com/DataDog/temporal-worker-controller/internal/controller/genstatus.go:120.10,121.96 1 0
github.com/DataDog/temporal-worker-controller/internal/controller/genstatus.go:123.2,127.43 3 0
github.com/DataDog/temporal-worker-controller/internal/controller/genstatus.go:127.43,128.132 1 0
github.com/DataDog/temporal-worker-controller/internal/controller/genstatus.go:128.132,130.4 1 0
github.com/DataDog/temporal-worker-controller/internal/controller/genstatus.go:131.3,133.73 3 0
github.com/DataDog/temporal-worker-controller/internal/controller/genstatus.go:136.2,138.12 2 0
github.com/DataDog/temporal-worker-controller/internal/controller/genstatus.go:141.71,149.2 1 0
github.com/DataDog/temporal-worker-controller/internal/controller/genstatus.go:151.309,162.135 4 0
github.com/DataDog/temporal-worker-controller/internal/controller/genstatus.go:162.135,164.3 1 0
github.com/DataDog/temporal-worker-controller/internal/controller/genstatus.go:166.2,166.59 1 0
github.com/DataDog/temporal-worker-controller/internal/controller/genstatus.go:166.59,168.3 1 0
github.com/DataDog/temporal-worker-controller/internal/controller/genstatus.go:170.2,170.49 1 0
github.com/DataDog/temporal-worker-controller/internal/controller/genstatus.go:170.49,171.63 1 0
github.com/DataDog/temporal-worker-controller/internal/controller/genstatus.go:171.63,174.12 3 0
github.com/DataDog/temporal-worker-controller/internal/controller/genstatus.go:180.2,184.16 2 0
github.com/DataDog/temporal-worker-controller/internal/controller/genstatus.go:184.16,186.3 1 0
github.com/DataDog/temporal-worker-controller/internal/controller/genstatus.go:188.2,188.58 1 0
github.com/DataDog/temporal-worker-controller/internal/controller/genstatus.go:188.58,190.3 1 0
github.com/DataDog/temporal-worker-controller/internal/controller/genstatus.go:192.2,192.50 1 0
github.com/DataDog/temporal-worker-controller/internal/controller/genstatus.go:192.50,200.27 3 0
github.com/DataDog/temporal-worker-controller/internal/controller/genstatus.go:200.27,201.39 1 0
github.com/DataDog/temporal-worker-controller/internal/controller/genstatus.go:201.39,205.13 2 0
github.com/DataDog/temporal-worker-controller/internal/controller/genstatus.go:206.10,206.76 1 0
github.com/DataDog/temporal-worker-controller/internal/controller/genstatus.go:206.76,210.13 2 0
github.com/DataDog/temporal-worker-controller/internal/controller/genstatus.go:214.3,214.42 1 0
github.com/DataDog/temporal-worker-controller/internal/controller/genstatus.go:214.42,215.12 1 0
github.com/DataDog/temporal-worker-controller/internal/controller/genstatus.go:225.2,245.16 2 0
github.com/DataDog/temporal-worker-controller/internal/controller/genstatus.go:245.16,247.3 1 0
github.com/DataDog/temporal-worker-controller/internal/controller/genstatus.go:248.2,248.50 1 0
github.com/DataDog/temporal-worker-controller/internal/controller/genstatus.go:248.50,249.65 1 0
github.com/DataDog/temporal-worker-controller/internal/controller/genstatus.go:249.65,251.4 1 0
github.com/DataDog/temporal-worker-controller/internal/controller/genstatus.go:254.2,255.43 2 0
github.com/DataDog/temporal-worker-controller/internal/controller/genstatus.go:255.43,256.18 1 0
github.com/DataDog/temporal-worker-controller/internal/controller/genstatus.go:257.39,258.12 1 0
github.com/DataDog/temporal-worker-controller/internal/controller/genstatus.go:260.3,261.53 2 0
github.com/DataDog/temporal-worker-controller/internal/controller/genstatus.go:264.2,270.39 2 0
github.com/DataDog/temporal-worker-controller/internal/controller/genstatus.go:270.39,272.3 1 0
github.com/DataDog/temporal-worker-controller/internal/controller/genstatus.go:273.2,273.27 1 0
github.com/DataDog/temporal-worker-controller/internal/controller/genstatus.go:273.27,275.54 2 0
github.com/DataDog/temporal-worker-controller/internal/controller/genstatus.go:275.54,277.4 1 0
github.com/DataDog/temporal-worker-controller/internal/controller/genstatus.go:280.2,285.15 1 0
github.com/DataDog/temporal-worker-controller/internal/controller/genstatus.go:288.44,290.2 1 1
github.com/DataDog/temporal-worker-controller/internal/controller/util.go:16.120,17.24 1 1
github.com/DataDog/temporal-worker-controller/internal/controller/util.go:17.24,19.3 1 1
github.com/DataDog/temporal-worker-controller/internal/controller/util.go:20.2,20.81 1 1
github.com/DataDog/temporal-worker-controller/internal/controller/util.go:20.81,22.3 1 1
github.com/DataDog/temporal-worker-controller/internal/controller/util.go:23.2,23.34 1 1
github.com/DataDog/temporal-worker-controller/internal/controller/util.go:26.69,27.11 1 1
github.com/DataDog/temporal-worker-controller/internal/controller/util.go:28.54,29.11 1 1
github.com/DataDog/temporal-worker-controller/internal/controller/util.go:30.55,31.11 1 1
github.com/DataDog/temporal-worker-controller/internal/controller/util.go:32.56,33.11 1 1
github.com/DataDog/temporal-worker-controller/internal/controller/util.go:34.58,35.11 1 1
github.com/DataDog/temporal-worker-controller/internal/controller/util.go:37.2,37.10 1 0
github.com/DataDog/temporal-worker-controller/internal/controller/util.go:40.73,42.2 1 1
github.com/DataDog/temporal-worker-controller/internal/controller/util.go:44.61,45.14 1 0
github.com/DataDog/temporal-worker-controller/internal/controller/util.go:45.14,47.3 1 0
github.com/DataDog/temporal-worker-controller/internal/controller/util.go:48.2,55.3 1 0
github.com/DataDog/temporal-worker-controller/internal/controller/worker_controller.go:54.106,60.70 4 0
github.com/DataDog/temporal-worker-controller/internal/controller/worker_controller.go:60.70,66.3 2 0
github.com/DataDog/temporal-worker-controller/internal/controller/worker_controller.go:68.2,68.62 1 0
github.com/DataDog/temporal-worker-controller/internal/controller/worker_controller.go:68.62,72.3 3 0
github.com/DataDog/temporal-worker-controller/internal/controller/worker_controller.go:75.2,79.38 2 0
github.com/DataDog/temporal-worker-controller/internal/controller/worker_controller.go:79.38,82.3 2 0
github.com/DataDog/temporal-worker-controller/internal/controller/worker_controller.go:85.2,86.9 2 0
github.com/DataDog/temporal-worker-controller/internal/controller/worker_controller.go:86.9,88.17 2 0
github.com/DataDog/temporal-worker-controller/internal/controller/worker_controller.go:88.17,91.4 2 0
github.com/DataDog/temporal-worker-controller/internal/controller/worker_controller.go:92.3,92.21 1 0
github.com/DataDog/temporal-worker-controller/internal/controller/worker_controller.go:96.2,97.16 2 0
github.com/DataDog/temporal-worker-controller/internal/controller/worker_controller.go:97.16,99.3 1 0
github.com/DataDog/temporal-worker-controller/internal/controller/worker_controller.go:100.2,101.62 2 0
github.com/DataDog/temporal-worker-controller/internal/controller/worker_controller.go:101.62,104.32 1 0
github.com/DataDog/temporal-worker-controller/internal/controller/worker_controller.go:104.32,109.4 1 0
github.com/DataDog/temporal-worker-controller/internal/controller/worker_controller.go:110.3,111.28 2 0
github.com/DataDog/temporal-worker-controller/internal/controller/worker_controller.go:115.2,116.16 2 0
github.com/DataDog/temporal-worker-controller/internal/controller/worker_controller.go:116.16,118.3 1 0
github.com/DataDog/temporal-worker-controller/internal/controller/worker_controller.go:121.2,121.68 1 0
github.com/DataDog/temporal-worker-controller/internal/controller/worker_controller.go:121.68,123.3 1 0
github.com/DataDog/temporal-worker-controller/internal/controller/worker_controller.go:125.2,131.8 1 0
github.com/DataDog/temporal-worker-controller/internal/controller/worker_controller.go:135.77,136.141 1 0
github.com/DataDog/temporal-worker-controller/internal/controller/worker_controller.go:136.141,141.19 3 0
github.com/DataDog/temporal-worker-controller/internal/controller/worker_controller.go:141.19,143.4 1 0
github.com/DataDog/temporal-worker-controller/internal/controller/worker_controller.go:146.3,146.69 1 0
github.com/DataDog/temporal-worker-controller/internal/controller/worker_controller.go:146.69,148.4 1 0
github.com/DataDog/temporal-worker-controller/internal/controller/worker_controller.go:151.3,151.30 1 0
github.com/DataDog/temporal-worker-controller/internal/controller/worker_controller.go:152.17,154.3 1 0
github.com/DataDog/temporal-worker-controller/internal/controller/worker_controller.go:156.2,159.14 1 0
github.com/DataDog/temporal-worker-controller/internal/controller/clientpool/clientpool.go:21.36,26.2 1 0
github.com/DataDog/temporal-worker-controller/internal/controller/clientpool/clientpool.go:28.111,33.8 4 0
github.com/DataDog/temporal-worker-controller/internal/controller/clientpool/clientpool.go:33.8,35.3 1 0
github.com/DataDog/temporal-worker-controller/internal/controller/clientpool/clientpool.go:36.2,36.19 1 0
github.com/DataDog/temporal-worker-controller/internal/controller/clientpool/clientpool.go:39.100,44.16 2 0
github.com/DataDog/temporal-worker-controller/internal/controller/clientpool/clientpool.go:44.16,46.3 1 0
github.com/DataDog/temporal-worker-controller/internal/controller/clientpool/clientpool.go:48.2,53.33 4 0
github.com/DataDog/temporal-worker-controller/internal/controller/clientpool/clientpool.go:56.31,60.31 3 0
github.com/DataDog/temporal-worker-controller/internal/controller/clientpool/clientpool.go:60.31,62.3 1 0
github.com/DataDog/temporal-worker-controller/internal/controller/clientpool/clientpool.go:64.2,64.45 1 0
github.com/DataDog/temporal-worker-controller/internal/controller/k8s.io/utils/utils.go:45.40,47.2 1 1
github.com/DataDog/temporal-worker-controller/internal/controller/k8s.io/utils/utils.go:52.66,55.2 2 1
github.com/DataDog/temporal-worker-controller/internal/controller/k8s.io/utils/utils.go:62.78,67.27 3 1
github.com/DataDog/temporal-worker-controller/internal/controller/k8s.io/utils/utils.go:67.27,71.3 3 0
github.com/DataDog/temporal-worker-controller/internal/controller/k8s.io/utils/utils.go:73.2,73.73 1 1
